{"c:\\dev\\atm-branch-finder\\public\\js\\actions\\bankActions.js":{"path":"c:\\dev\\atm-branch-finder\\public\\js\\actions\\bankActions.js","statementMap":{"0":{"start":{"line":3,"column":0},"end":{"line":5,"column":3}},"1":{"start":{"line":6,"column":0},"end":{"line":6,"column":44}},"2":{"start":{"line":7,"column":0},"end":{"line":7,"column":46}},"3":{"start":{"line":8,"column":0},"end":{"line":8,"column":34}},"4":{"start":{"line":9,"column":0},"end":{"line":9,"column":42}},"5":{"start":{"line":10,"column":0},"end":{"line":10,"column":42}},"6":{"start":{"line":11,"column":0},"end":{"line":11,"column":48}},"7":{"start":{"line":13,"column":13},"end":{"line":13,"column":29}},"8":{"start":{"line":15,"column":14},"end":{"line":15,"column":44}},"9":{"start":{"line":17,"column":13},"end":{"line":17,"column":35}},"10":{"start":{"line":19,"column":14},"end":{"line":19,"column":44}},"11":{"start":{"line":21,"column":18},"end":{"line":21,"column":44}},"12":{"start":{"line":23,"column":39},"end":{"line":23,"column":93}},"13":{"start":{"line":26,"column":4},"end":{"line":29,"column":6}},"14":{"start":{"line":33,"column":4},"end":{"line":36,"column":6}},"15":{"start":{"line":40,"column":4},"end":{"line":44,"column":6}},"16":{"start":{"line":41,"column":8},"end":{"line":43,"column":9}},"17":{"start":{"line":42,"column":12},"end":{"line":42,"column":54}},"18":{"start":{"line":47,"column":4},"end":{"line":61,"column":6}},"19":{"start":{"line":48,"column":27},"end":{"line":48,"column":46}},"20":{"start":{"line":49,"column":8},"end":{"line":60,"column":9}},"21":{"start":{"line":50,"column":12},"end":{"line":56,"column":15}},"22":{"start":{"line":51,"column":16},"end":{"line":51,"column":36}},"23":{"start":{"line":52,"column":16},"end":{"line":52,"column":64}},"24":{"start":{"line":53,"column":16},"end":{"line":53,"column":70}},"25":{"start":{"line":54,"column":16},"end":{"line":54,"column":96}},"26":{"start":{"line":55,"column":16},"end":{"line":55,"column":62}},"27":{"start":{"line":58,"column":12},"end":{"line":58,"column":56}},"28":{"start":{"line":59,"column":12},"end":{"line":59,"column":58}},"29":{"start":{"line":65,"column":4},"end":{"line":67,"column":5}},"30":{"start":{"line":66,"column":8},"end":{"line":66,"column":72}},"31":{"start":{"line":68,"column":4},"end":{"line":85,"column":5}},"32":{"start":{"line":71,"column":16},"end":{"line":71,"column":78}},"33":{"start":{"line":75,"column":16},"end":{"line":75,"column":81}},"34":{"start":{"line":79,"column":16},"end":{"line":79,"column":78}},"35":{"start":{"line":83,"column":16},"end":{"line":83,"column":45}},"36":{"start":{"line":86,"column":4},"end":{"line":86,"column":42}},"37":{"start":{"line":90,"column":4},"end":{"line":92,"column":5}},"38":{"start":{"line":91,"column":8},"end":{"line":91,"column":72}},"39":{"start":{"line":93,"column":16},"end":{"line":93,"column":42}},"40":{"start":{"line":94,"column":4},"end":{"line":107,"column":5}},"41":{"start":{"line":97,"column":16},"end":{"line":97,"column":55}},"42":{"start":{"line":101,"column":16},"end":{"line":101,"column":58}},"43":{"start":{"line":105,"column":16},"end":{"line":105,"column":75}},"44":{"start":{"line":111,"column":23},"end":{"line":113,"column":6}},"45":{"start":{"line":112,"column":8},"end":{"line":112,"column":108}},"46":{"start":{"line":115,"column":30},"end":{"line":118,"column":6}},"47":{"start":{"line":116,"column":8},"end":{"line":116,"column":210}},"48":{"start":{"line":117,"column":8},"end":{"line":117,"column":19}},"49":{"start":{"line":119,"column":4},"end":{"line":122,"column":6}},"50":{"start":{"line":126,"column":23},"end":{"line":128,"column":6}},"51":{"start":{"line":127,"column":8},"end":{"line":127,"column":108}},"52":{"start":{"line":130,"column":30},"end":{"line":133,"column":6}},"53":{"start":{"line":131,"column":8},"end":{"line":131,"column":248}},"54":{"start":{"line":132,"column":8},"end":{"line":132,"column":22}},"55":{"start":{"line":134,"column":4},"end":{"line":137,"column":6}}},"fnMap":{"0":{"name":"_interopRequireDefault","decl":{"start":{"line":23,"column":9},"end":{"line":23,"column":31}},"loc":{"start":{"line":23,"column":37},"end":{"line":23,"column":95}},"line":23},"1":{"name":"changeActiveBank","decl":{"start":{"line":25,"column":9},"end":{"line":25,"column":25}},"loc":{"start":{"line":25,"column":34},"end":{"line":30,"column":1}},"line":25},"2":{"name":"setActiveEndPoint","decl":{"start":{"line":32,"column":9},"end":{"line":32,"column":26}},"loc":{"start":{"line":32,"column":37},"end":{"line":37,"column":1}},"line":32},"3":{"name":"getBankData","decl":{"start":{"line":39,"column":9},"end":{"line":39,"column":20}},"loc":{"start":{"line":39,"column":27},"end":{"line":45,"column":1}},"line":39},"4":{"name":"(anonymous_4)","decl":{"start":{"line":40,"column":11},"end":{"line":40,"column":12}},"loc":{"start":{"line":40,"column":31},"end":{"line":44,"column":5}},"line":40},"5":{"name":"getEndPointData","decl":{"start":{"line":46,"column":9},"end":{"line":46,"column":24}},"loc":{"start":{"line":46,"column":41},"end":{"line":62,"column":1}},"line":46},"6":{"name":"(anonymous_6)","decl":{"start":{"line":47,"column":11},"end":{"line":47,"column":12}},"loc":{"start":{"line":47,"column":31},"end":{"line":61,"column":5}},"line":47},"7":{"name":"(anonymous_7)","decl":{"start":{"line":50,"column":51},"end":{"line":50,"column":52}},"loc":{"start":{"line":50,"column":69},"end":{"line":56,"column":13}},"line":50},"8":{"name":"setEndPointData","decl":{"start":{"line":64,"column":9},"end":{"line":64,"column":24}},"loc":{"start":{"line":64,"column":44},"end":{"line":87,"column":1}},"line":64},"9":{"name":"filterEndPointData","decl":{"start":{"line":89,"column":9},"end":{"line":89,"column":27}},"loc":{"start":{"line":89,"column":56},"end":{"line":108,"column":1}},"line":89},"10":{"name":"filterATMData","decl":{"start":{"line":110,"column":9},"end":{"line":110,"column":22}},"loc":{"start":{"line":110,"column":41},"end":{"line":123,"column":1}},"line":110},"11":{"name":"(anonymous_11)","decl":{"start":{"line":111,"column":35},"end":{"line":111,"column":36}},"loc":{"start":{"line":111,"column":51},"end":{"line":113,"column":5}},"line":111},"12":{"name":"(anonymous_12)","decl":{"start":{"line":115,"column":47},"end":{"line":115,"column":48}},"loc":{"start":{"line":115,"column":62},"end":{"line":118,"column":5}},"line":115},"13":{"name":"filterBranchData","decl":{"start":{"line":125,"column":9},"end":{"line":125,"column":25}},"loc":{"start":{"line":125,"column":44},"end":{"line":138,"column":1}},"line":125},"14":{"name":"(anonymous_14)","decl":{"start":{"line":126,"column":35},"end":{"line":126,"column":36}},"loc":{"start":{"line":126,"column":51},"end":{"line":128,"column":5}},"line":126},"15":{"name":"(anonymous_15)","decl":{"start":{"line":130,"column":47},"end":{"line":130,"column":48}},"loc":{"start":{"line":130,"column":65},"end":{"line":133,"column":5}},"line":130}},"branchMap":{"0":{"loc":{"start":{"line":23,"column":46},"end":{"line":23,"column":92}},"type":"cond-expr","locations":[{"start":{"line":23,"column":70},"end":{"line":23,"column":73}},{"start":{"line":23,"column":76},"end":{"line":23,"column":92}}],"line":23},"1":{"loc":{"start":{"line":23,"column":46},"end":{"line":23,"column":67}},"type":"binary-expr","locations":[{"start":{"line":23,"column":46},"end":{"line":23,"column":49}},{"start":{"line":23,"column":53},"end":{"line":23,"column":67}}],"line":23},"2":{"loc":{"start":{"line":49,"column":8},"end":{"line":60,"column":9}},"type":"if","locations":[{"start":{"line":49,"column":8},"end":{"line":60,"column":9}},{"start":{"line":49,"column":8},"end":{"line":60,"column":9}}],"line":49},"3":{"loc":{"start":{"line":65,"column":4},"end":{"line":67,"column":5}},"type":"if","locations":[{"start":{"line":65,"column":4},"end":{"line":67,"column":5}},{"start":{"line":65,"column":4},"end":{"line":67,"column":5}}],"line":65},"4":{"loc":{"start":{"line":68,"column":4},"end":{"line":85,"column":5}},"type":"switch","locations":[{"start":{"line":69,"column":8},"end":{"line":72,"column":13}},{"start":{"line":73,"column":8},"end":{"line":76,"column":13}},{"start":{"line":77,"column":8},"end":{"line":80,"column":13}},{"start":{"line":81,"column":8},"end":{"line":84,"column":13}}],"line":68},"5":{"loc":{"start":{"line":90,"column":4},"end":{"line":92,"column":5}},"type":"if","locations":[{"start":{"line":90,"column":4},"end":{"line":92,"column":5}},{"start":{"line":90,"column":4},"end":{"line":92,"column":5}}],"line":90},"6":{"loc":{"start":{"line":94,"column":4},"end":{"line":107,"column":5}},"type":"switch","locations":[{"start":{"line":95,"column":8},"end":{"line":98,"column":13}},{"start":{"line":99,"column":8},"end":{"line":102,"column":13}},{"start":{"line":103,"column":8},"end":{"line":106,"column":13}}],"line":94},"7":{"loc":{"start":{"line":112,"column":15},"end":{"line":112,"column":107}},"type":"cond-expr","locations":[{"start":{"line":112,"column":44},"end":{"line":112,"column":99}},{"start":{"line":112,"column":102},"end":{"line":112,"column":107}}],"line":112},"8":{"loc":{"start":{"line":112,"column":15},"end":{"line":112,"column":41}},"type":"binary-expr","locations":[{"start":{"line":112,"column":15},"end":{"line":112,"column":32}},{"start":{"line":112,"column":36},"end":{"line":112,"column":41}}],"line":112},"9":{"loc":{"start":{"line":127,"column":15},"end":{"line":127,"column":107}},"type":"cond-expr","locations":[{"start":{"line":127,"column":44},"end":{"line":127,"column":99}},{"start":{"line":127,"column":102},"end":{"line":127,"column":107}}],"line":127},"10":{"loc":{"start":{"line":127,"column":15},"end":{"line":127,"column":41}},"type":"binary-expr","locations":[{"start":{"line":127,"column":15},"end":{"line":127,"column":32}},{"start":{"line":127,"column":36},"end":{"line":127,"column":41}}],"line":127}},"s":{"0":1,"1":1,"2":1,"3":1,"4":1,"5":1,"6":1,"7":1,"8":1,"9":1,"10":1,"11":1,"12":2,"13":1,"14":1,"15":0,"16":0,"17":0,"18":0,"19":0,"20":0,"21":0,"22":0,"23":0,"24":0,"25":0,"26":0,"27":0,"28":0,"29":0,"30":0,"31":0,"32":0,"33":0,"34":0,"35":0,"36":0,"37":0,"38":0,"39":0,"40":0,"41":0,"42":0,"43":0,"44":0,"45":0,"46":0,"47":0,"48":0,"49":0,"50":0,"51":0,"52":0,"53":0,"54":0,"55":0},"f":{"0":2,"1":1,"2":1,"3":0,"4":0,"5":0,"6":0,"7":0,"8":0,"9":0,"10":0,"11":0,"12":0,"13":0,"14":0,"15":0},"b":{"0":[1,1],"1":[2,2],"2":[0,0],"3":[0,0],"4":[0,0,0,0],"5":[0,0],"6":[0,0,0],"7":[0,0],"8":[0,0],"9":[0,0],"10":[0,0]},"_coverageSchema":"332fd63041d2c1bcb487cc26dd0d5f7d97098a6c","hash":"bb6f29d85e87956719d37e6a4970834ed0e363d3","contentHash":"a9d4c3ac46de0c41c07a0afc8fc2b5ac_11.0.2"},"c:\\dev\\atm-branch-finder\\public\\js\\store.js":{"path":"c:\\dev\\atm-branch-finder\\public\\js\\store.js","statementMap":{"0":{"start":{"line":3,"column":0},"end":{"line":5,"column":3}},"1":{"start":{"line":7,"column":13},"end":{"line":7,"column":29}},"2":{"start":{"line":9,"column":19},"end":{"line":9,"column":42}},"3":{"start":{"line":11,"column":18},"end":{"line":11,"column":40}},"4":{"start":{"line":13,"column":19},"end":{"line":13,"column":54}},"5":{"start":{"line":15,"column":16},"end":{"line":15,"column":37}},"6":{"start":{"line":17,"column":17},"end":{"line":17,"column":50}},"7":{"start":{"line":19,"column":39},"end":{"line":19,"column":93}},"8":{"start":{"line":21,"column":17},"end":{"line":21,"column":19}},"9":{"start":{"line":23,"column":0},"end":{"line":27,"column":1}},"10":{"start":{"line":24,"column":4},"end":{"line":24,"column":101}},"11":{"start":{"line":26,"column":4},"end":{"line":26,"column":67}},"12":{"start":{"line":29,"column":23},"end":{"line":29,"column":37}},"13":{"start":{"line":30,"column":12},"end":{"line":30,"column":67}},"14":{"start":{"line":32,"column":0},"end":{"line":32,"column":24}}},"fnMap":{"0":{"name":"_interopRequireDefault","decl":{"start":{"line":19,"column":9},"end":{"line":19,"column":31}},"loc":{"start":{"line":19,"column":37},"end":{"line":19,"column":95}},"line":19}},"branchMap":{"0":{"loc":{"start":{"line":19,"column":46},"end":{"line":19,"column":92}},"type":"cond-expr","locations":[{"start":{"line":19,"column":70},"end":{"line":19,"column":73}},{"start":{"line":19,"column":76},"end":{"line":19,"column":92}}],"line":19},"1":{"loc":{"start":{"line":19,"column":46},"end":{"line":19,"column":67}},"type":"binary-expr","locations":[{"start":{"line":19,"column":46},"end":{"line":19,"column":49}},{"start":{"line":19,"column":53},"end":{"line":19,"column":67}}],"line":19},"2":{"loc":{"start":{"line":23,"column":0},"end":{"line":27,"column":1}},"type":"if","locations":[{"start":{"line":23,"column":0},"end":{"line":27,"column":1}},{"start":{"line":23,"column":0},"end":{"line":27,"column":1}}],"line":23}},"s":{"0":1,"1":1,"2":1,"3":1,"4":1,"5":1,"6":1,"7":2,"8":1,"9":1,"10":0,"11":1,"12":1,"13":1,"14":1},"f":{"0":2},"b":{"0":[2,0],"1":[2,2],"2":[0,1]},"_coverageSchema":"332fd63041d2c1bcb487cc26dd0d5f7d97098a6c","hash":"6a6fc97c7929bc4f78a46c110f07ba9496241e39","contentHash":"3ad88937e7fd522560c6f16d3c9868ac_11.0.2"},"c:\\dev\\atm-branch-finder\\public\\js\\reducers\\index.js":{"path":"c:\\dev\\atm-branch-finder\\public\\js\\reducers\\index.js","statementMap":{"0":{"start":{"line":3,"column":0},"end":{"line":5,"column":3}},"1":{"start":{"line":7,"column":13},"end":{"line":7,"column":29}},"2":{"start":{"line":9,"column":19},"end":{"line":9,"column":46}},"3":{"start":{"line":11,"column":20},"end":{"line":11,"column":56}},"4":{"start":{"line":13,"column":25},"end":{"line":13,"column":58}},"5":{"start":{"line":15,"column":26},"end":{"line":15,"column":68}},"6":{"start":{"line":17,"column":18},"end":{"line":17,"column":44}},"7":{"start":{"line":19,"column":19},"end":{"line":19,"column":54}},"8":{"start":{"line":21,"column":39},"end":{"line":21,"column":93}},"9":{"start":{"line":23,"column":0},"end":{"line":27,"column":3}}},"fnMap":{"0":{"name":"_interopRequireDefault","decl":{"start":{"line":21,"column":9},"end":{"line":21,"column":31}},"loc":{"start":{"line":21,"column":37},"end":{"line":21,"column":95}},"line":21}},"branchMap":{"0":{"loc":{"start":{"line":21,"column":46},"end":{"line":21,"column":92}},"type":"cond-expr","locations":[{"start":{"line":21,"column":70},"end":{"line":21,"column":73}},{"start":{"line":21,"column":76},"end":{"line":21,"column":92}}],"line":21},"1":{"loc":{"start":{"line":21,"column":46},"end":{"line":21,"column":67}},"type":"binary-expr","locations":[{"start":{"line":21,"column":46},"end":{"line":21,"column":49}},{"start":{"line":21,"column":53},"end":{"line":21,"column":67}}],"line":21}},"s":{"0":1,"1":1,"2":1,"3":1,"4":1,"5":1,"6":1,"7":1,"8":3,"9":1},"f":{"0":3},"b":{"0":[3,0],"1":[3,3]},"_coverageSchema":"332fd63041d2c1bcb487cc26dd0d5f7d97098a6c","hash":"99840f6ac552111e4579179da2041f76c29b98d9","contentHash":"e456c7af159db25cb96930be51e22fd6_11.0.2"},"c:\\dev\\atm-branch-finder\\public\\js\\reducers\\bankReducer.js":{"path":"c:\\dev\\atm-branch-finder\\public\\js\\reducers\\bankReducer.js","statementMap":{"0":{"start":{"line":3,"column":0},"end":{"line":5,"column":3}},"1":{"start":{"line":7,"column":15},"end":{"line":7,"column":256}},"2":{"start":{"line":7,"column":52},"end":{"line":7,"column":239}},"3":{"start":{"line":7,"column":110},"end":{"line":7,"column":122}},"4":{"start":{"line":7,"column":124},"end":{"line":7,"column":237}},"5":{"start":{"line":7,"column":150},"end":{"line":7,"column":235}},"6":{"start":{"line":7,"column":207},"end":{"line":7,"column":233}},"7":{"start":{"line":7,"column":240},"end":{"line":7,"column":254}},"8":{"start":{"line":9,"column":0},"end":{"line":106,"column":2}},"9":{"start":{"line":10,"column":16},"end":{"line":15,"column":5}},"10":{"start":{"line":16,"column":17},"end":{"line":16,"column":29}},"11":{"start":{"line":18,"column":4},"end":{"line":104,"column":5}},"12":{"start":{"line":22,"column":16},"end":{"line":31,"column":17}},"13":{"start":{"line":23,"column":20},"end":{"line":23,"column":57}},"14":{"start":{"line":25,"column":20},"end":{"line":25,"column":33}},"15":{"start":{"line":27,"column":35},"end":{"line":27,"column":71}},"16":{"start":{"line":28,"column":20},"end":{"line":30,"column":23}},"17":{"start":{"line":36,"column":16},"end":{"line":38,"column":19}},"18":{"start":{"line":43,"column":32},"end":{"line":48,"column":18}},"19":{"start":{"line":44,"column":20},"end":{"line":46,"column":21}},"20":{"start":{"line":45,"column":24},"end":{"line":45,"column":51}},"21":{"start":{"line":47,"column":20},"end":{"line":47,"column":32}},"22":{"start":{"line":49,"column":16},"end":{"line":51,"column":19}},"23":{"start":{"line":56,"column":33},"end":{"line":61,"column":18}},"24":{"start":{"line":57,"column":20},"end":{"line":59,"column":21}},"25":{"start":{"line":58,"column":24},"end":{"line":58,"column":55}},"26":{"start":{"line":60,"column":20},"end":{"line":60,"column":32}},"27":{"start":{"line":62,"column":16},"end":{"line":64,"column":19}},"28":{"start":{"line":69,"column":33},"end":{"line":74,"column":18}},"29":{"start":{"line":70,"column":20},"end":{"line":72,"column":21}},"30":{"start":{"line":71,"column":24},"end":{"line":71,"column":50}},"31":{"start":{"line":73,"column":20},"end":{"line":73,"column":32}},"32":{"start":{"line":75,"column":16},"end":{"line":77,"column":19}},"33":{"start":{"line":82,"column":16},"end":{"line":84,"column":19}},"34":{"start":{"line":88,"column":33},"end":{"line":93,"column":18}},"35":{"start":{"line":89,"column":20},"end":{"line":91,"column":21}},"36":{"start":{"line":90,"column":24},"end":{"line":90,"column":59}},"37":{"start":{"line":92,"column":20},"end":{"line":92,"column":32}},"38":{"start":{"line":94,"column":16},"end":{"line":96,"column":19}},"39":{"start":{"line":100,"column":16},"end":{"line":102,"column":19}},"40":{"start":{"line":105,"column":4},"end":{"line":105,"column":17}},"41":{"start":{"line":108,"column":16},"end":{"line":108,"column":52}}},"fnMap":{"0":{"name":"(anonymous_0)","decl":{"start":{"line":7,"column":32},"end":{"line":7,"column":33}},"loc":{"start":{"line":7,"column":50},"end":{"line":7,"column":256}},"line":7},"1":{"name":"(anonymous_1)","decl":{"start":{"line":9,"column":18},"end":{"line":9,"column":19}},"loc":{"start":{"line":9,"column":30},"end":{"line":106,"column":1}},"line":9},"2":{"name":"(anonymous_2)","decl":{"start":{"line":22,"column":37},"end":{"line":22,"column":38}},"loc":{"start":{"line":22,"column":53},"end":{"line":24,"column":17}},"line":22},"3":{"name":"(anonymous_3)","decl":{"start":{"line":43,"column":48},"end":{"line":43,"column":49}},"loc":{"start":{"line":43,"column":67},"end":{"line":48,"column":17}},"line":43},"4":{"name":"(anonymous_4)","decl":{"start":{"line":56,"column":49},"end":{"line":56,"column":50}},"loc":{"start":{"line":56,"column":68},"end":{"line":61,"column":17}},"line":56},"5":{"name":"(anonymous_5)","decl":{"start":{"line":69,"column":49},"end":{"line":69,"column":50}},"loc":{"start":{"line":69,"column":68},"end":{"line":74,"column":17}},"line":69},"6":{"name":"(anonymous_6)","decl":{"start":{"line":88,"column":49},"end":{"line":88,"column":50}},"loc":{"start":{"line":88,"column":68},"end":{"line":93,"column":17}},"line":88}},"branchMap":{"0":{"loc":{"start":{"line":7,"column":15},"end":{"line":7,"column":256}},"type":"binary-expr","locations":[{"start":{"line":7,"column":15},"end":{"line":7,"column":28}},{"start":{"line":7,"column":32},"end":{"line":7,"column":256}}],"line":7},"1":{"loc":{"start":{"line":7,"column":150},"end":{"line":7,"column":235}},"type":"if","locations":[{"start":{"line":7,"column":150},"end":{"line":7,"column":235}},{"start":{"line":7,"column":150},"end":{"line":7,"column":235}}],"line":7},"2":{"loc":{"start":{"line":10,"column":16},"end":{"line":15,"column":5}},"type":"cond-expr","locations":[{"start":{"line":10,"column":69},"end":{"line":10,"column":81}},{"start":{"line":10,"column":84},"end":{"line":15,"column":5}}],"line":10},"3":{"loc":{"start":{"line":10,"column":16},"end":{"line":10,"column":66}},"type":"binary-expr","locations":[{"start":{"line":10,"column":16},"end":{"line":10,"column":36}},{"start":{"line":10,"column":40},"end":{"line":10,"column":66}}],"line":10},"4":{"loc":{"start":{"line":18,"column":4},"end":{"line":104,"column":5}},"type":"switch","locations":[{"start":{"line":20,"column":8},"end":{"line":32,"column":13}},{"start":{"line":34,"column":8},"end":{"line":39,"column":13}},{"start":{"line":41,"column":8},"end":{"line":52,"column":13}},{"start":{"line":54,"column":8},"end":{"line":65,"column":13}},{"start":{"line":67,"column":8},"end":{"line":78,"column":13}},{"start":{"line":80,"column":8},"end":{"line":85,"column":13}},{"start":{"line":86,"column":8},"end":{"line":97,"column":13}},{"start":{"line":98,"column":8},"end":{"line":103,"column":13}}],"line":18},"5":{"loc":{"start":{"line":22,"column":16},"end":{"line":31,"column":17}},"type":"if","locations":[{"start":{"line":22,"column":16},"end":{"line":31,"column":17}},{"start":{"line":22,"column":16},"end":{"line":31,"column":17}}],"line":22},"6":{"loc":{"start":{"line":44,"column":20},"end":{"line":46,"column":21}},"type":"if","locations":[{"start":{"line":44,"column":20},"end":{"line":46,"column":21}},{"start":{"line":44,"column":20},"end":{"line":46,"column":21}}],"line":44},"7":{"loc":{"start":{"line":57,"column":20},"end":{"line":59,"column":21}},"type":"if","locations":[{"start":{"line":57,"column":20},"end":{"line":59,"column":21}},{"start":{"line":57,"column":20},"end":{"line":59,"column":21}}],"line":57},"8":{"loc":{"start":{"line":70,"column":20},"end":{"line":72,"column":21}},"type":"if","locations":[{"start":{"line":70,"column":20},"end":{"line":72,"column":21}},{"start":{"line":70,"column":20},"end":{"line":72,"column":21}}],"line":70},"9":{"loc":{"start":{"line":89,"column":20},"end":{"line":91,"column":21}},"type":"if","locations":[{"start":{"line":89,"column":20},"end":{"line":91,"column":21}},{"start":{"line":89,"column":20},"end":{"line":91,"column":21}}],"line":89}},"s":{"0":1,"1":1,"2":0,"3":0,"4":0,"5":0,"6":0,"7":0,"8":1,"9":3,"10":3,"11":3,"12":0,"13":0,"14":0,"15":0,"16":0,"17":0,"18":0,"19":0,"20":0,"21":0,"22":0,"23":0,"24":0,"25":0,"26":0,"27":0,"28":0,"29":0,"30":0,"31":0,"32":0,"33":0,"34":0,"35":0,"36":0,"37":0,"38":0,"39":0,"40":3,"41":1},"f":{"0":0,"1":3,"2":0,"3":0,"4":0,"5":0,"6":0},"b":{"0":[1,0],"1":[0,0],"2":[0,3],"3":[3,3],"4":[0,0,0,0,0,0,0,0],"5":[0,0],"6":[0,0],"7":[0,0],"8":[0,0],"9":[0,0]},"_coverageSchema":"332fd63041d2c1bcb487cc26dd0d5f7d97098a6c","hash":"3b1d2ea5c762177f205029c5737a4c79fa4146aa","contentHash":"c9871ac4a8ce9d2b0a52b1b32b4acee4_11.0.2"},"c:\\dev\\atm-branch-finder\\public\\js\\staticdata\\bankData.js":{"path":"c:\\dev\\atm-branch-finder\\public\\js\\staticdata\\bankData.js","statementMap":{"0":{"start":{"line":3,"column":0},"end":{"line":5,"column":3}},"1":{"start":{"line":6,"column":15},"end":{"line":41,"column":2}}},"fnMap":{},"branchMap":{},"s":{"0":1,"1":1},"f":{},"b":{},"_coverageSchema":"332fd63041d2c1bcb487cc26dd0d5f7d97098a6c","hash":"f879c6bb36141b93749f2fcce3f4e6900d703311","contentHash":"85ab599222847dcecbea4820b814f16c_11.0.2"},"c:\\dev\\atm-branch-finder\\public\\js\\reducers\\infoWindowReducer.js":{"path":"c:\\dev\\atm-branch-finder\\public\\js\\reducers\\infoWindowReducer.js","statementMap":{"0":{"start":{"line":3,"column":0},"end":{"line":5,"column":3}},"1":{"start":{"line":7,"column":15},"end":{"line":7,"column":256}},"2":{"start":{"line":7,"column":52},"end":{"line":7,"column":239}},"3":{"start":{"line":7,"column":110},"end":{"line":7,"column":122}},"4":{"start":{"line":7,"column":124},"end":{"line":7,"column":237}},"5":{"start":{"line":7,"column":150},"end":{"line":7,"column":235}},"6":{"start":{"line":7,"column":207},"end":{"line":7,"column":233}},"7":{"start":{"line":7,"column":240},"end":{"line":7,"column":254}},"8":{"start":{"line":9,"column":0},"end":{"line":45,"column":2}},"9":{"start":{"line":10,"column":16},"end":{"line":15,"column":5}},"10":{"start":{"line":16,"column":17},"end":{"line":16,"column":29}},"11":{"start":{"line":18,"column":4},"end":{"line":43,"column":5}},"12":{"start":{"line":21,"column":16},"end":{"line":23,"column":19}},"13":{"start":{"line":27,"column":16},"end":{"line":29,"column":19}},"14":{"start":{"line":33,"column":16},"end":{"line":35,"column":19}},"15":{"start":{"line":39,"column":16},"end":{"line":41,"column":19}},"16":{"start":{"line":44,"column":4},"end":{"line":44,"column":17}}},"fnMap":{"0":{"name":"(anonymous_0)","decl":{"start":{"line":7,"column":32},"end":{"line":7,"column":33}},"loc":{"start":{"line":7,"column":50},"end":{"line":7,"column":256}},"line":7},"1":{"name":"(anonymous_1)","decl":{"start":{"line":9,"column":18},"end":{"line":9,"column":19}},"loc":{"start":{"line":9,"column":30},"end":{"line":45,"column":1}},"line":9}},"branchMap":{"0":{"loc":{"start":{"line":7,"column":15},"end":{"line":7,"column":256}},"type":"binary-expr","locations":[{"start":{"line":7,"column":15},"end":{"line":7,"column":28}},{"start":{"line":7,"column":32},"end":{"line":7,"column":256}}],"line":7},"1":{"loc":{"start":{"line":7,"column":150},"end":{"line":7,"column":235}},"type":"if","locations":[{"start":{"line":7,"column":150},"end":{"line":7,"column":235}},{"start":{"line":7,"column":150},"end":{"line":7,"column":235}}],"line":7},"2":{"loc":{"start":{"line":10,"column":16},"end":{"line":15,"column":5}},"type":"cond-expr","locations":[{"start":{"line":10,"column":69},"end":{"line":10,"column":81}},{"start":{"line":10,"column":84},"end":{"line":15,"column":5}}],"line":10},"3":{"loc":{"start":{"line":10,"column":16},"end":{"line":10,"column":66}},"type":"binary-expr","locations":[{"start":{"line":10,"column":16},"end":{"line":10,"column":36}},{"start":{"line":10,"column":40},"end":{"line":10,"column":66}}],"line":10},"4":{"loc":{"start":{"line":18,"column":4},"end":{"line":43,"column":5}},"type":"switch","locations":[{"start":{"line":19,"column":8},"end":{"line":24,"column":13}},{"start":{"line":25,"column":8},"end":{"line":30,"column":13}},{"start":{"line":31,"column":8},"end":{"line":36,"column":13}},{"start":{"line":37,"column":8},"end":{"line":42,"column":13}}],"line":18}},"s":{"0":1,"1":1,"2":0,"3":0,"4":0,"5":0,"6":0,"7":0,"8":1,"9":3,"10":3,"11":3,"12":0,"13":0,"14":0,"15":0,"16":3},"f":{"0":0,"1":3},"b":{"0":[1,0],"1":[0,0],"2":[0,3],"3":[3,3],"4":[0,0,0,0]},"_coverageSchema":"332fd63041d2c1bcb487cc26dd0d5f7d97098a6c","hash":"a42e2ee7ac304c08746a8d82d531cd8e1eefab06","contentHash":"c83c5df1adb2fdb9a1acaddc44dad6f9_11.0.2"},"c:\\dev\\atm-branch-finder\\public\\js\\reducers\\mapReducer.js":{"path":"c:\\dev\\atm-branch-finder\\public\\js\\reducers\\mapReducer.js","statementMap":{"0":{"start":{"line":3,"column":0},"end":{"line":5,"column":3}},"1":{"start":{"line":7,"column":15},"end":{"line":7,"column":256}},"2":{"start":{"line":7,"column":52},"end":{"line":7,"column":239}},"3":{"start":{"line":7,"column":110},"end":{"line":7,"column":122}},"4":{"start":{"line":7,"column":124},"end":{"line":7,"column":237}},"5":{"start":{"line":7,"column":150},"end":{"line":7,"column":235}},"6":{"start":{"line":7,"column":207},"end":{"line":7,"column":233}},"7":{"start":{"line":7,"column":240},"end":{"line":7,"column":254}},"8":{"start":{"line":9,"column":0},"end":{"line":31,"column":2}},"9":{"start":{"line":10,"column":16},"end":{"line":13,"column":5}},"10":{"start":{"line":14,"column":17},"end":{"line":14,"column":29}},"11":{"start":{"line":16,"column":4},"end":{"line":29,"column":5}},"12":{"start":{"line":19,"column":16},"end":{"line":21,"column":19}},"13":{"start":{"line":25,"column":16},"end":{"line":27,"column":19}},"14":{"start":{"line":30,"column":4},"end":{"line":30,"column":17}}},"fnMap":{"0":{"name":"(anonymous_0)","decl":{"start":{"line":7,"column":32},"end":{"line":7,"column":33}},"loc":{"start":{"line":7,"column":50},"end":{"line":7,"column":256}},"line":7},"1":{"name":"(anonymous_1)","decl":{"start":{"line":9,"column":18},"end":{"line":9,"column":19}},"loc":{"start":{"line":9,"column":30},"end":{"line":31,"column":1}},"line":9}},"branchMap":{"0":{"loc":{"start":{"line":7,"column":15},"end":{"line":7,"column":256}},"type":"binary-expr","locations":[{"start":{"line":7,"column":15},"end":{"line":7,"column":28}},{"start":{"line":7,"column":32},"end":{"line":7,"column":256}}],"line":7},"1":{"loc":{"start":{"line":7,"column":150},"end":{"line":7,"column":235}},"type":"if","locations":[{"start":{"line":7,"column":150},"end":{"line":7,"column":235}},{"start":{"line":7,"column":150},"end":{"line":7,"column":235}}],"line":7},"2":{"loc":{"start":{"line":10,"column":16},"end":{"line":13,"column":5}},"type":"cond-expr","locations":[{"start":{"line":10,"column":69},"end":{"line":10,"column":81}},{"start":{"line":10,"column":84},"end":{"line":13,"column":5}}],"line":10},"3":{"loc":{"start":{"line":10,"column":16},"end":{"line":10,"column":66}},"type":"binary-expr","locations":[{"start":{"line":10,"column":16},"end":{"line":10,"column":36}},{"start":{"line":10,"column":40},"end":{"line":10,"column":66}}],"line":10},"4":{"loc":{"start":{"line":16,"column":4},"end":{"line":29,"column":5}},"type":"switch","locations":[{"start":{"line":17,"column":8},"end":{"line":22,"column":13}},{"start":{"line":23,"column":8},"end":{"line":28,"column":13}}],"line":16}},"s":{"0":1,"1":1,"2":0,"3":0,"4":0,"5":0,"6":0,"7":0,"8":1,"9":3,"10":3,"11":3,"12":0,"13":0,"14":3},"f":{"0":0,"1":3},"b":{"0":[1,0],"1":[0,0],"2":[0,3],"3":[3,3],"4":[0,0]},"_coverageSchema":"332fd63041d2c1bcb487cc26dd0d5f7d97098a6c","hash":"ce51ac4e639727bbeb9a7380a7d102d55d00d795","contentHash":"b6623c3f0da21d4d22fff773af113fe9_11.0.2"},"c:\\dev\\atm-branch-finder\\public\\js\\actions\\mapActions.js":{"path":"c:\\dev\\atm-branch-finder\\public\\js\\actions\\mapActions.js","statementMap":{"0":{"start":{"line":3,"column":0},"end":{"line":5,"column":3}},"1":{"start":{"line":6,"column":0},"end":{"line":6,"column":40}},"2":{"start":{"line":7,"column":0},"end":{"line":7,"column":54}},"3":{"start":{"line":8,"column":0},"end":{"line":8,"column":46}},"4":{"start":{"line":9,"column":0},"end":{"line":9,"column":34}},"5":{"start":{"line":10,"column":0},"end":{"line":10,"column":36}},"6":{"start":{"line":12,"column":13},"end":{"line":12,"column":32}},"7":{"start":{"line":14,"column":14},"end":{"line":14,"column":44}},"8":{"start":{"line":16,"column":39},"end":{"line":16,"column":93}},"9":{"start":{"line":19,"column":14},"end":{"line":19,"column":118}},"10":{"start":{"line":20,"column":4},"end":{"line":20,"column":46}},"11":{"start":{"line":24,"column":21},"end":{"line":24,"column":124}},"12":{"start":{"line":25,"column":4},"end":{"line":33,"column":5}},"13":{"start":{"line":26,"column":8},"end":{"line":30,"column":9}},"14":{"start":{"line":27,"column":12},"end":{"line":29,"column":14}},"15":{"start":{"line":28,"column":16},"end":{"line":28,"column":82}},"16":{"start":{"line":32,"column":8},"end":{"line":32,"column":37}},"17":{"start":{"line":37,"column":4},"end":{"line":44,"column":5}},"18":{"start":{"line":38,"column":8},"end":{"line":41,"column":10}},"19":{"start":{"line":39,"column":12},"end":{"line":39,"column":63}},"20":{"start":{"line":40,"column":12},"end":{"line":40,"column":65}},"21":{"start":{"line":43,"column":8},"end":{"line":43,"column":121}},"22":{"start":{"line":48,"column":4},"end":{"line":51,"column":6}},"23":{"start":{"line":55,"column":4},"end":{"line":58,"column":6}}},"fnMap":{"0":{"name":"_interopRequireDefault","decl":{"start":{"line":16,"column":9},"end":{"line":16,"column":31}},"loc":{"start":{"line":16,"column":37},"end":{"line":16,"column":95}},"line":16},"1":{"name":"setATMLocation","decl":{"start":{"line":18,"column":9},"end":{"line":18,"column":23}},"loc":{"start":{"line":18,"column":26},"end":{"line":21,"column":1}},"line":18},"2":{"name":"setInfoObjectLocation","decl":{"start":{"line":23,"column":9},"end":{"line":23,"column":30}},"loc":{"start":{"line":23,"column":33},"end":{"line":34,"column":1}},"line":23},"3":{"name":"(anonymous_3)","decl":{"start":{"line":27,"column":19},"end":{"line":27,"column":20}},"loc":{"start":{"line":27,"column":39},"end":{"line":29,"column":13}},"line":27},"4":{"name":"setMapCoordinates","decl":{"start":{"line":36,"column":9},"end":{"line":36,"column":26}},"loc":{"start":{"line":36,"column":47},"end":{"line":45,"column":1}},"line":36},"5":{"name":"(anonymous_5)","decl":{"start":{"line":38,"column":15},"end":{"line":38,"column":16}},"loc":{"start":{"line":38,"column":35},"end":{"line":41,"column":9}},"line":38},"6":{"name":"setLatitude","decl":{"start":{"line":47,"column":9},"end":{"line":47,"column":20}},"loc":{"start":{"line":47,"column":31},"end":{"line":52,"column":1}},"line":47},"7":{"name":"setLongitude","decl":{"start":{"line":54,"column":9},"end":{"line":54,"column":21}},"loc":{"start":{"line":54,"column":33},"end":{"line":59,"column":1}},"line":54}},"branchMap":{"0":{"loc":{"start":{"line":16,"column":46},"end":{"line":16,"column":92}},"type":"cond-expr","locations":[{"start":{"line":16,"column":70},"end":{"line":16,"column":73}},{"start":{"line":16,"column":76},"end":{"line":16,"column":92}}],"line":16},"1":{"loc":{"start":{"line":16,"column":46},"end":{"line":16,"column":67}},"type":"binary-expr","locations":[{"start":{"line":16,"column":46},"end":{"line":16,"column":49}},{"start":{"line":16,"column":53},"end":{"line":16,"column":67}}],"line":16},"2":{"loc":{"start":{"line":25,"column":4},"end":{"line":33,"column":5}},"type":"if","locations":[{"start":{"line":25,"column":4},"end":{"line":33,"column":5}},{"start":{"line":25,"column":4},"end":{"line":33,"column":5}}],"line":25},"3":{"loc":{"start":{"line":26,"column":8},"end":{"line":30,"column":9}},"type":"if","locations":[{"start":{"line":26,"column":8},"end":{"line":30,"column":9}},{"start":{"line":26,"column":8},"end":{"line":30,"column":9}}],"line":26},"4":{"loc":{"start":{"line":37,"column":4},"end":{"line":44,"column":5}},"type":"if","locations":[{"start":{"line":37,"column":4},"end":{"line":44,"column":5}},{"start":{"line":37,"column":4},"end":{"line":44,"column":5}}],"line":37}},"s":{"0":1,"1":1,"2":1,"3":1,"4":1,"5":1,"6":1,"7":1,"8":1,"9":0,"10":0,"11":1,"12":1,"13":0,"14":0,"15":0,"16":1,"17":0,"18":0,"19":0,"20":0,"21":0,"22":1,"23":1},"f":{"0":1,"1":0,"2":1,"3":0,"4":0,"5":0,"6":1,"7":1},"b":{"0":[1,0],"1":[1,1],"2":[0,1],"3":[0,0],"4":[0,0]},"_coverageSchema":"332fd63041d2c1bcb487cc26dd0d5f7d97098a6c","hash":"b836dfaeb6915b2aa5be1c4c949a959204a32dd1","contentHash":"357ae1e5eef41614f8b4040235a69c02_11.0.2"},"c:\\dev\\atm-branch-finder\\public\\js\\actions\\infoActions.js":{"path":"c:\\dev\\atm-branch-finder\\public\\js\\actions\\infoActions.js","statementMap":{"0":{"start":{"line":3,"column":0},"end":{"line":5,"column":3}},"1":{"start":{"line":6,"column":0},"end":{"line":6,"column":36}},"2":{"start":{"line":7,"column":0},"end":{"line":7,"column":46}},"3":{"start":{"line":8,"column":0},"end":{"line":8,"column":46}},"4":{"start":{"line":9,"column":0},"end":{"line":9,"column":40}},"5":{"start":{"line":11,"column":13},"end":{"line":11,"column":32}},"6":{"start":{"line":13,"column":14},"end":{"line":13,"column":44}},"7":{"start":{"line":15,"column":39},"end":{"line":15,"column":93}},"8":{"start":{"line":18,"column":4},"end":{"line":18,"column":48}},"9":{"start":{"line":22,"column":16},"end":{"line":22,"column":42}},"10":{"start":{"line":23,"column":4},"end":{"line":26,"column":5}},"11":{"start":{"line":24,"column":25},"end":{"line":24,"column":134}},"12":{"start":{"line":25,"column":8},"end":{"line":25,"column":40}},"13":{"start":{"line":30,"column":16},"end":{"line":30,"column":42}},"14":{"start":{"line":31,"column":4},"end":{"line":34,"column":5}},"15":{"start":{"line":32,"column":25},"end":{"line":32,"column":134}},"16":{"start":{"line":33,"column":8},"end":{"line":33,"column":40}},"17":{"start":{"line":38,"column":4},"end":{"line":38,"column":62}}},"fnMap":{"0":{"name":"_interopRequireDefault","decl":{"start":{"line":15,"column":9},"end":{"line":15,"column":31}},"loc":{"start":{"line":15,"column":37},"end":{"line":15,"column":95}},"line":15},"1":{"name":"setInfoIndex","decl":{"start":{"line":17,"column":9},"end":{"line":17,"column":21}},"loc":{"start":{"line":17,"column":26},"end":{"line":19,"column":1}},"line":17},"2":{"name":"decreaseInfoIndex","decl":{"start":{"line":21,"column":9},"end":{"line":21,"column":26}},"loc":{"start":{"line":21,"column":29},"end":{"line":27,"column":1}},"line":21},"3":{"name":"increaseInfoIndex","decl":{"start":{"line":29,"column":9},"end":{"line":29,"column":26}},"loc":{"start":{"line":29,"column":29},"end":{"line":35,"column":1}},"line":29},"4":{"name":"setInfoObjects","decl":{"start":{"line":37,"column":9},"end":{"line":37,"column":23}},"loc":{"start":{"line":37,"column":37},"end":{"line":39,"column":1}},"line":37}},"branchMap":{"0":{"loc":{"start":{"line":15,"column":46},"end":{"line":15,"column":92}},"type":"cond-expr","locations":[{"start":{"line":15,"column":70},"end":{"line":15,"column":73}},{"start":{"line":15,"column":76},"end":{"line":15,"column":92}}],"line":15},"1":{"loc":{"start":{"line":15,"column":46},"end":{"line":15,"column":67}},"type":"binary-expr","locations":[{"start":{"line":15,"column":46},"end":{"line":15,"column":49}},{"start":{"line":15,"column":53},"end":{"line":15,"column":67}}],"line":15},"2":{"loc":{"start":{"line":23,"column":4},"end":{"line":26,"column":5}},"type":"if","locations":[{"start":{"line":23,"column":4},"end":{"line":26,"column":5}},{"start":{"line":23,"column":4},"end":{"line":26,"column":5}}],"line":23},"3":{"loc":{"start":{"line":24,"column":25},"end":{"line":24,"column":134}},"type":"cond-expr","locations":[{"start":{"line":24,"column":57},"end":{"line":24,"column":104}},{"start":{"line":24,"column":107},"end":{"line":24,"column":134}}],"line":24},"4":{"loc":{"start":{"line":31,"column":4},"end":{"line":34,"column":5}},"type":"if","locations":[{"start":{"line":31,"column":4},"end":{"line":34,"column":5}},{"start":{"line":31,"column":4},"end":{"line":34,"column":5}}],"line":31},"5":{"loc":{"start":{"line":32,"column":25},"end":{"line":32,"column":134}},"type":"cond-expr","locations":[{"start":{"line":32,"column":103},"end":{"line":32,"column":104}},{"start":{"line":32,"column":107},"end":{"line":32,"column":134}}],"line":32}},"s":{"0":1,"1":1,"2":1,"3":1,"4":1,"5":1,"6":1,"7":1,"8":3,"9":1,"10":1,"11":1,"12":1,"13":1,"14":1,"15":1,"16":1,"17":1},"f":{"0":1,"1":3,"2":1,"3":1,"4":1},"b":{"0":[1,0],"1":[1,1],"2":[1,0],"3":[1,0],"4":[1,0],"5":[0,1]},"_coverageSchema":"332fd63041d2c1bcb487cc26dd0d5f7d97098a6c","hash":"92f06852b9b33d906d520ec04190f4a0ae44aa23","contentHash":"24198c40e6bbde086e97964adeef9d6f_11.0.2"},"c:\\dev\\atm-branch-finder\\public\\js\\containers\\BankContainer\\index.js":{"path":"c:\\dev\\atm-branch-finder\\public\\js\\containers\\BankContainer\\index.js","statementMap":{"0":{"start":{"line":3,"column":0},"end":{"line":5,"column":3}},"1":{"start":{"line":6,"column":0},"end":{"line":6,"column":28}},"2":{"start":{"line":8,"column":19},"end":{"line":8,"column":563}},"3":{"start":{"line":8,"column":76},"end":{"line":8,"column":347}},"4":{"start":{"line":8,"column":134},"end":{"line":8,"column":142}},"5":{"start":{"line":8,"column":144},"end":{"line":8,"column":199}},"6":{"start":{"line":8,"column":200},"end":{"line":8,"column":231}},"7":{"start":{"line":8,"column":232},"end":{"line":8,"column":286}},"8":{"start":{"line":8,"column":259},"end":{"line":8,"column":286}},"9":{"start":{"line":8,"column":287},"end":{"line":8,"column":345}},"10":{"start":{"line":8,"column":350},"end":{"line":8,"column":559}},"11":{"start":{"line":8,"column":407},"end":{"line":8,"column":475}},"12":{"start":{"line":8,"column":423},"end":{"line":8,"column":475}},"13":{"start":{"line":8,"column":476},"end":{"line":8,"column":536}},"14":{"start":{"line":8,"column":493},"end":{"line":8,"column":536}},"15":{"start":{"line":8,"column":537},"end":{"line":8,"column":556}},"16":{"start":{"line":12,"column":13},"end":{"line":12,"column":29}},"17":{"start":{"line":14,"column":14},"end":{"line":14,"column":44}},"18":{"start":{"line":16,"column":18},"end":{"line":16,"column":56}},"19":{"start":{"line":18,"column":19},"end":{"line":18,"column":54}},"20":{"start":{"line":20,"column":18},"end":{"line":20,"column":40}},"21":{"start":{"line":22,"column":39},"end":{"line":22,"column":93}},"22":{"start":{"line":24,"column":50},"end":{"line":24,"column":151}},"23":{"start":{"line":24,"column":92},"end":{"line":24,"column":149}},"24":{"start":{"line":26,"column":50},"end":{"line":26,"column":151}},"25":{"start":{"line":26,"column":63},"end":{"line":26,"column":149}},"26":{"start":{"line":26,"column":152},"end":{"line":26,"column":238}},"27":{"start":{"line":28,"column":43},"end":{"line":28,"column":208}},"28":{"start":{"line":28,"column":106},"end":{"line":28,"column":206}},"29":{"start":{"line":28,"column":209},"end":{"line":28,"column":373}},"30":{"start":{"line":28,"column":374},"end":{"line":28,"column":492}},"31":{"start":{"line":28,"column":390},"end":{"line":28,"column":492}},"32":{"start":{"line":30,"column":21},"end":{"line":52,"column":39}},"33":{"start":{"line":31,"column":4},"end":{"line":34,"column":6}},"34":{"start":{"line":36,"column":4},"end":{"line":36,"column":47}},"35":{"start":{"line":39,"column":8},"end":{"line":39,"column":45}},"36":{"start":{"line":41,"column":8},"end":{"line":41,"column":133}},"37":{"start":{"line":44,"column":4},"end":{"line":49,"column":8}},"38":{"start":{"line":47,"column":12},"end":{"line":47,"column":83}},"39":{"start":{"line":51,"column":4},"end":{"line":51,"column":25}},"40":{"start":{"line":53,"column":0},"end":{"line":53,"column":32}}},"fnMap":{"0":{"name":"(anonymous_0)","decl":{"start":{"line":8,"column":19},"end":{"line":8,"column":20}},"loc":{"start":{"line":8,"column":31},"end":{"line":8,"column":561}},"line":8},"1":{"name":"defineProperties","decl":{"start":{"line":8,"column":42},"end":{"line":8,"column":58}},"loc":{"start":{"line":8,"column":74},"end":{"line":8,"column":349}},"line":8},"2":{"name":"(anonymous_2)","decl":{"start":{"line":8,"column":357},"end":{"line":8,"column":358}},"loc":{"start":{"line":8,"column":405},"end":{"line":8,"column":558}},"line":8},"3":{"name":"_interopRequireDefault","decl":{"start":{"line":22,"column":9},"end":{"line":22,"column":31}},"loc":{"start":{"line":22,"column":37},"end":{"line":22,"column":95}},"line":22},"4":{"name":"_classCallCheck","decl":{"start":{"line":24,"column":9},"end":{"line":24,"column":24}},"loc":{"start":{"line":24,"column":48},"end":{"line":24,"column":153}},"line":24},"5":{"name":"_possibleConstructorReturn","decl":{"start":{"line":26,"column":9},"end":{"line":26,"column":35}},"loc":{"start":{"line":26,"column":48},"end":{"line":26,"column":240}},"line":26},"6":{"name":"_inherits","decl":{"start":{"line":28,"column":9},"end":{"line":28,"column":18}},"loc":{"start":{"line":28,"column":41},"end":{"line":28,"column":494}},"line":28},"7":{"name":"(anonymous_7)","decl":{"start":{"line":30,"column":53},"end":{"line":30,"column":54}},"loc":{"start":{"line":30,"column":70},"end":{"line":35,"column":1}},"line":30},"8":{"name":"(anonymous_8)","decl":{"start":{"line":35,"column":18},"end":{"line":35,"column":19}},"loc":{"start":{"line":35,"column":46},"end":{"line":52,"column":1}},"line":35},"9":{"name":"BankContainer","decl":{"start":{"line":38,"column":13},"end":{"line":38,"column":26}},"loc":{"start":{"line":38,"column":34},"end":{"line":42,"column":5}},"line":38},"10":{"name":"render","decl":{"start":{"line":46,"column":24},"end":{"line":46,"column":30}},"loc":{"start":{"line":46,"column":33},"end":{"line":48,"column":9}},"line":46}},"branchMap":{"0":{"loc":{"start":{"line":8,"column":168},"end":{"line":8,"column":198}},"type":"binary-expr","locations":[{"start":{"line":8,"column":168},"end":{"line":8,"column":189}},{"start":{"line":8,"column":193},"end":{"line":8,"column":198}}],"line":8},"1":{"loc":{"start":{"line":8,"column":232},"end":{"line":8,"column":286}},"type":"if","locations":[{"start":{"line":8,"column":232},"end":{"line":8,"column":286}},{"start":{"line":8,"column":232},"end":{"line":8,"column":286}}],"line":8},"2":{"loc":{"start":{"line":8,"column":407},"end":{"line":8,"column":475}},"type":"if","locations":[{"start":{"line":8,"column":407},"end":{"line":8,"column":475}},{"start":{"line":8,"column":407},"end":{"line":8,"column":475}}],"line":8},"3":{"loc":{"start":{"line":8,"column":476},"end":{"line":8,"column":536}},"type":"if","locations":[{"start":{"line":8,"column":476},"end":{"line":8,"column":536}},{"start":{"line":8,"column":476},"end":{"line":8,"column":536}}],"line":8},"4":{"loc":{"start":{"line":22,"column":46},"end":{"line":22,"column":92}},"type":"cond-expr","locations":[{"start":{"line":22,"column":70},"end":{"line":22,"column":73}},{"start":{"line":22,"column":76},"end":{"line":22,"column":92}}],"line":22},"5":{"loc":{"start":{"line":22,"column":46},"end":{"line":22,"column":67}},"type":"binary-expr","locations":[{"start":{"line":22,"column":46},"end":{"line":22,"column":49}},{"start":{"line":22,"column":53},"end":{"line":22,"column":67}}],"line":22},"6":{"loc":{"start":{"line":24,"column":50},"end":{"line":24,"column":151}},"type":"if","locations":[{"start":{"line":24,"column":50},"end":{"line":24,"column":151}},{"start":{"line":24,"column":50},"end":{"line":24,"column":151}}],"line":24},"7":{"loc":{"start":{"line":26,"column":50},"end":{"line":26,"column":151}},"type":"if","locations":[{"start":{"line":26,"column":50},"end":{"line":26,"column":151}},{"start":{"line":26,"column":50},"end":{"line":26,"column":151}}],"line":26},"8":{"loc":{"start":{"line":26,"column":159},"end":{"line":26,"column":237}},"type":"cond-expr","locations":[{"start":{"line":26,"column":226},"end":{"line":26,"column":230}},{"start":{"line":26,"column":233},"end":{"line":26,"column":237}}],"line":26},"9":{"loc":{"start":{"line":26,"column":159},"end":{"line":26,"column":223}},"type":"binary-expr","locations":[{"start":{"line":26,"column":159},"end":{"line":26,"column":163}},{"start":{"line":26,"column":168},"end":{"line":26,"column":192}},{"start":{"line":26,"column":196},"end":{"line":26,"column":222}}],"line":26},"10":{"loc":{"start":{"line":28,"column":43},"end":{"line":28,"column":208}},"type":"if","locations":[{"start":{"line":28,"column":43},"end":{"line":28,"column":208}},{"start":{"line":28,"column":43},"end":{"line":28,"column":208}}],"line":28},"11":{"loc":{"start":{"line":28,"column":47},"end":{"line":28,"column":102}},"type":"binary-expr","locations":[{"start":{"line":28,"column":47},"end":{"line":28,"column":79}},{"start":{"line":28,"column":83},"end":{"line":28,"column":102}}],"line":28},"12":{"loc":{"start":{"line":28,"column":244},"end":{"line":28,"column":278}},"type":"binary-expr","locations":[{"start":{"line":28,"column":244},"end":{"line":28,"column":254}},{"start":{"line":28,"column":258},"end":{"line":28,"column":278}}],"line":28},"13":{"loc":{"start":{"line":28,"column":374},"end":{"line":28,"column":492}},"type":"if","locations":[{"start":{"line":28,"column":374},"end":{"line":28,"column":492}},{"start":{"line":28,"column":374},"end":{"line":28,"column":492}}],"line":28},"14":{"loc":{"start":{"line":28,"column":390},"end":{"line":28,"column":491}},"type":"cond-expr","locations":[{"start":{"line":28,"column":414},"end":{"line":28,"column":457}},{"start":{"line":28,"column":460},"end":{"line":28,"column":491}}],"line":28},"15":{"loc":{"start":{"line":35,"column":4},"end":{"line":52,"column":39}},"type":"binary-expr","locations":[{"start":{"line":35,"column":4},"end":{"line":52,"column":29}},{"start":{"line":52,"column":33},"end":{"line":52,"column":39}}],"line":35},"16":{"loc":{"start":{"line":41,"column":49},"end":{"line":41,"column":112}},"type":"binary-expr","locations":[{"start":{"line":41,"column":49},"end":{"line":41,"column":72}},{"start":{"line":41,"column":76},"end":{"line":41,"column":112}}],"line":41}},"s":{"0":1,"1":1,"2":1,"3":1,"4":1,"5":1,"6":1,"7":1,"8":1,"9":1,"10":1,"11":1,"12":1,"13":1,"14":0,"15":1,"16":1,"17":1,"18":1,"19":1,"20":1,"21":2,"22":1,"23":0,"24":1,"25":0,"26":1,"27":1,"28":0,"29":1,"30":1,"31":1,"32":1,"33":1,"34":1,"35":1,"36":1,"37":1,"38":1,"39":1,"40":1},"f":{"0":1,"1":1,"2":1,"3":2,"4":1,"5":1,"6":1,"7":1,"8":1,"9":1,"10":1},"b":{"0":[1,1],"1":[1,0],"2":[1,0],"3":[0,1],"4":[1,1],"5":[2,2],"6":[0,1],"7":[0,1],"8":[0,1],"9":[1,0,0],"10":[0,1],"11":[1,0],"12":[1,1],"13":[1,0],"14":[1,0],"15":[1,0],"16":[1,0]},"_coverageSchema":"332fd63041d2c1bcb487cc26dd0d5f7d97098a6c","hash":"f07a4280e11eac696da4680ea5f5e27f401ef79e","contentHash":"0c4175dab20ad7a95f0c9ed13cac684e_11.0.2"},"c:\\dev\\atm-branch-finder\\public\\js\\components\\BankWindow\\index.js":{"path":"c:\\dev\\atm-branch-finder\\public\\js\\components\\BankWindow\\index.js","statementMap":{"0":{"start":{"line":3,"column":0},"end":{"line":5,"column":3}},"1":{"start":{"line":6,"column":0},"end":{"line":6,"column":28}},"2":{"start":{"line":8,"column":19},"end":{"line":8,"column":563}},"3":{"start":{"line":8,"column":76},"end":{"line":8,"column":347}},"4":{"start":{"line":8,"column":134},"end":{"line":8,"column":142}},"5":{"start":{"line":8,"column":144},"end":{"line":8,"column":199}},"6":{"start":{"line":8,"column":200},"end":{"line":8,"column":231}},"7":{"start":{"line":8,"column":232},"end":{"line":8,"column":286}},"8":{"start":{"line":8,"column":259},"end":{"line":8,"column":286}},"9":{"start":{"line":8,"column":287},"end":{"line":8,"column":345}},"10":{"start":{"line":8,"column":350},"end":{"line":8,"column":559}},"11":{"start":{"line":8,"column":407},"end":{"line":8,"column":475}},"12":{"start":{"line":8,"column":423},"end":{"line":8,"column":475}},"13":{"start":{"line":8,"column":476},"end":{"line":8,"column":536}},"14":{"start":{"line":8,"column":493},"end":{"line":8,"column":536}},"15":{"start":{"line":8,"column":537},"end":{"line":8,"column":556}},"16":{"start":{"line":10,"column":13},"end":{"line":10,"column":29}},"17":{"start":{"line":12,"column":14},"end":{"line":12,"column":44}},"18":{"start":{"line":14,"column":18},"end":{"line":14,"column":45}},"19":{"start":{"line":16,"column":19},"end":{"line":16,"column":54}},"20":{"start":{"line":18,"column":18},"end":{"line":18,"column":43}},"21":{"start":{"line":20,"column":19},"end":{"line":20,"column":54}},"22":{"start":{"line":22,"column":24},"end":{"line":22,"column":54}},"23":{"start":{"line":24,"column":25},"end":{"line":24,"column":66}},"24":{"start":{"line":26,"column":39},"end":{"line":26,"column":93}},"25":{"start":{"line":28,"column":50},"end":{"line":28,"column":151}},"26":{"start":{"line":28,"column":92},"end":{"line":28,"column":149}},"27":{"start":{"line":30,"column":50},"end":{"line":30,"column":151}},"28":{"start":{"line":30,"column":63},"end":{"line":30,"column":149}},"29":{"start":{"line":30,"column":152},"end":{"line":30,"column":238}},"30":{"start":{"line":32,"column":43},"end":{"line":32,"column":208}},"31":{"start":{"line":32,"column":106},"end":{"line":32,"column":206}},"32":{"start":{"line":32,"column":209},"end":{"line":32,"column":373}},"33":{"start":{"line":32,"column":374},"end":{"line":32,"column":492}},"34":{"start":{"line":32,"column":390},"end":{"line":32,"column":492}},"35":{"start":{"line":34,"column":17},"end":{"line":58,"column":28}},"36":{"start":{"line":35,"column":4},"end":{"line":35,"column":44}},"37":{"start":{"line":38,"column":8},"end":{"line":38,"column":42}},"38":{"start":{"line":40,"column":8},"end":{"line":40,"column":127}},"39":{"start":{"line":43,"column":4},"end":{"line":55,"column":8}},"40":{"start":{"line":46,"column":12},"end":{"line":53,"column":14}},"41":{"start":{"line":57,"column":4},"end":{"line":57,"column":22}},"42":{"start":{"line":60,"column":0},"end":{"line":60,"column":29}},"43":{"start":{"line":64,"column":20},"end":{"line":82,"column":5}},"44":{"start":{"line":74,"column":20},"end":{"line":78,"column":22}},"45":{"start":{"line":83,"column":4},"end":{"line":87,"column":6}}},"fnMap":{"0":{"name":"(anonymous_0)","decl":{"start":{"line":8,"column":19},"end":{"line":8,"column":20}},"loc":{"start":{"line":8,"column":31},"end":{"line":8,"column":561}},"line":8},"1":{"name":"defineProperties","decl":{"start":{"line":8,"column":42},"end":{"line":8,"column":58}},"loc":{"start":{"line":8,"column":74},"end":{"line":8,"column":349}},"line":8},"2":{"name":"(anonymous_2)","decl":{"start":{"line":8,"column":357},"end":{"line":8,"column":358}},"loc":{"start":{"line":8,"column":405},"end":{"line":8,"column":558}},"line":8},"3":{"name":"_interopRequireDefault","decl":{"start":{"line":26,"column":9},"end":{"line":26,"column":31}},"loc":{"start":{"line":26,"column":37},"end":{"line":26,"column":95}},"line":26},"4":{"name":"_classCallCheck","decl":{"start":{"line":28,"column":9},"end":{"line":28,"column":24}},"loc":{"start":{"line":28,"column":48},"end":{"line":28,"column":153}},"line":28},"5":{"name":"_possibleConstructorReturn","decl":{"start":{"line":30,"column":9},"end":{"line":30,"column":35}},"loc":{"start":{"line":30,"column":48},"end":{"line":30,"column":240}},"line":30},"6":{"name":"_inherits","decl":{"start":{"line":32,"column":9},"end":{"line":32,"column":18}},"loc":{"start":{"line":32,"column":41},"end":{"line":32,"column":494}},"line":32},"7":{"name":"(anonymous_7)","decl":{"start":{"line":34,"column":17},"end":{"line":34,"column":18}},"loc":{"start":{"line":34,"column":45},"end":{"line":58,"column":1}},"line":34},"8":{"name":"BankWindow","decl":{"start":{"line":37,"column":13},"end":{"line":37,"column":23}},"loc":{"start":{"line":37,"column":31},"end":{"line":41,"column":5}},"line":37},"9":{"name":"render","decl":{"start":{"line":45,"column":24},"end":{"line":45,"column":30}},"loc":{"start":{"line":45,"column":33},"end":{"line":54,"column":9}},"line":45},"10":{"name":"ListBanks","decl":{"start":{"line":63,"column":9},"end":{"line":63,"column":18}},"loc":{"start":{"line":63,"column":26},"end":{"line":88,"column":1}},"line":63},"11":{"name":"(anonymous_11)","decl":{"start":{"line":73,"column":26},"end":{"line":73,"column":27}},"loc":{"start":{"line":73,"column":47},"end":{"line":79,"column":17}},"line":73}},"branchMap":{"0":{"loc":{"start":{"line":8,"column":168},"end":{"line":8,"column":198}},"type":"binary-expr","locations":[{"start":{"line":8,"column":168},"end":{"line":8,"column":189}},{"start":{"line":8,"column":193},"end":{"line":8,"column":198}}],"line":8},"1":{"loc":{"start":{"line":8,"column":232},"end":{"line":8,"column":286}},"type":"if","locations":[{"start":{"line":8,"column":232},"end":{"line":8,"column":286}},{"start":{"line":8,"column":232},"end":{"line":8,"column":286}}],"line":8},"2":{"loc":{"start":{"line":8,"column":407},"end":{"line":8,"column":475}},"type":"if","locations":[{"start":{"line":8,"column":407},"end":{"line":8,"column":475}},{"start":{"line":8,"column":407},"end":{"line":8,"column":475}}],"line":8},"3":{"loc":{"start":{"line":8,"column":476},"end":{"line":8,"column":536}},"type":"if","locations":[{"start":{"line":8,"column":476},"end":{"line":8,"column":536}},{"start":{"line":8,"column":476},"end":{"line":8,"column":536}}],"line":8},"4":{"loc":{"start":{"line":26,"column":46},"end":{"line":26,"column":92}},"type":"cond-expr","locations":[{"start":{"line":26,"column":70},"end":{"line":26,"column":73}},{"start":{"line":26,"column":76},"end":{"line":26,"column":92}}],"line":26},"5":{"loc":{"start":{"line":26,"column":46},"end":{"line":26,"column":67}},"type":"binary-expr","locations":[{"start":{"line":26,"column":46},"end":{"line":26,"column":49}},{"start":{"line":26,"column":53},"end":{"line":26,"column":67}}],"line":26},"6":{"loc":{"start":{"line":28,"column":50},"end":{"line":28,"column":151}},"type":"if","locations":[{"start":{"line":28,"column":50},"end":{"line":28,"column":151}},{"start":{"line":28,"column":50},"end":{"line":28,"column":151}}],"line":28},"7":{"loc":{"start":{"line":30,"column":50},"end":{"line":30,"column":151}},"type":"if","locations":[{"start":{"line":30,"column":50},"end":{"line":30,"column":151}},{"start":{"line":30,"column":50},"end":{"line":30,"column":151}}],"line":30},"8":{"loc":{"start":{"line":30,"column":159},"end":{"line":30,"column":237}},"type":"cond-expr","locations":[{"start":{"line":30,"column":226},"end":{"line":30,"column":230}},{"start":{"line":30,"column":233},"end":{"line":30,"column":237}}],"line":30},"9":{"loc":{"start":{"line":30,"column":159},"end":{"line":30,"column":223}},"type":"binary-expr","locations":[{"start":{"line":30,"column":159},"end":{"line":30,"column":163}},{"start":{"line":30,"column":168},"end":{"line":30,"column":192}},{"start":{"line":30,"column":196},"end":{"line":30,"column":222}}],"line":30},"10":{"loc":{"start":{"line":32,"column":43},"end":{"line":32,"column":208}},"type":"if","locations":[{"start":{"line":32,"column":43},"end":{"line":32,"column":208}},{"start":{"line":32,"column":43},"end":{"line":32,"column":208}}],"line":32},"11":{"loc":{"start":{"line":32,"column":47},"end":{"line":32,"column":102}},"type":"binary-expr","locations":[{"start":{"line":32,"column":47},"end":{"line":32,"column":79}},{"start":{"line":32,"column":83},"end":{"line":32,"column":102}}],"line":32},"12":{"loc":{"start":{"line":32,"column":244},"end":{"line":32,"column":278}},"type":"binary-expr","locations":[{"start":{"line":32,"column":244},"end":{"line":32,"column":254}},{"start":{"line":32,"column":258},"end":{"line":32,"column":278}}],"line":32},"13":{"loc":{"start":{"line":32,"column":374},"end":{"line":32,"column":492}},"type":"if","locations":[{"start":{"line":32,"column":374},"end":{"line":32,"column":492}},{"start":{"line":32,"column":374},"end":{"line":32,"column":492}}],"line":32},"14":{"loc":{"start":{"line":32,"column":390},"end":{"line":32,"column":491}},"type":"cond-expr","locations":[{"start":{"line":32,"column":414},"end":{"line":32,"column":457}},{"start":{"line":32,"column":460},"end":{"line":32,"column":491}}],"line":32},"15":{"loc":{"start":{"line":40,"column":49},"end":{"line":40,"column":106}},"type":"binary-expr","locations":[{"start":{"line":40,"column":49},"end":{"line":40,"column":69}},{"start":{"line":40,"column":73},"end":{"line":40,"column":106}}],"line":40},"16":{"loc":{"start":{"line":50,"column":16},"end":{"line":50,"column":81}},"type":"cond-expr","locations":[{"start":{"line":50,"column":35},"end":{"line":50,"column":62}},{"start":{"line":50,"column":65},"end":{"line":50,"column":81}}],"line":50}},"s":{"0":1,"1":1,"2":1,"3":1,"4":1,"5":1,"6":1,"7":1,"8":1,"9":1,"10":1,"11":1,"12":1,"13":1,"14":0,"15":1,"16":1,"17":1,"18":1,"19":1,"20":1,"21":1,"22":1,"23":1,"24":4,"25":3,"26":0,"27":3,"28":0,"29":3,"30":1,"31":0,"32":1,"33":1,"34":1,"35":1,"36":1,"37":3,"38":3,"39":1,"40":3,"41":1,"42":1,"43":3,"44":15,"45":3},"f":{"0":1,"1":1,"2":1,"3":4,"4":3,"5":3,"6":1,"7":1,"8":3,"9":3,"10":3,"11":15},"b":{"0":[1,1],"1":[1,0],"2":[1,0],"3":[0,1],"4":[2,2],"5":[4,4],"6":[0,3],"7":[0,3],"8":[0,3],"9":[3,0,0],"10":[0,1],"11":[1,0],"12":[1,1],"13":[1,0],"14":[1,0],"15":[3,0],"16":[3,0]},"_coverageSchema":"332fd63041d2c1bcb487cc26dd0d5f7d97098a6c","hash":"5cc58bd4166a6ea1d456d773ac30221546d4b6ec","contentHash":"73410bd4a16e2857885958b4e3525ff7_11.0.2"},"c:\\dev\\atm-branch-finder\\public\\js\\components\\BankButton\\index.js":{"path":"c:\\dev\\atm-branch-finder\\public\\js\\components\\BankButton\\index.js","statementMap":{"0":{"start":{"line":3,"column":0},"end":{"line":5,"column":3}},"1":{"start":{"line":6,"column":0},"end":{"line":6,"column":28}},"2":{"start":{"line":8,"column":19},"end":{"line":8,"column":563}},"3":{"start":{"line":8,"column":76},"end":{"line":8,"column":347}},"4":{"start":{"line":8,"column":134},"end":{"line":8,"column":142}},"5":{"start":{"line":8,"column":144},"end":{"line":8,"column":199}},"6":{"start":{"line":8,"column":200},"end":{"line":8,"column":231}},"7":{"start":{"line":8,"column":232},"end":{"line":8,"column":286}},"8":{"start":{"line":8,"column":259},"end":{"line":8,"column":286}},"9":{"start":{"line":8,"column":287},"end":{"line":8,"column":345}},"10":{"start":{"line":8,"column":350},"end":{"line":8,"column":559}},"11":{"start":{"line":8,"column":407},"end":{"line":8,"column":475}},"12":{"start":{"line":8,"column":423},"end":{"line":8,"column":475}},"13":{"start":{"line":8,"column":476},"end":{"line":8,"column":536}},"14":{"start":{"line":8,"column":493},"end":{"line":8,"column":536}},"15":{"start":{"line":8,"column":537},"end":{"line":8,"column":556}},"16":{"start":{"line":12,"column":13},"end":{"line":12,"column":29}},"17":{"start":{"line":14,"column":14},"end":{"line":14,"column":44}},"18":{"start":{"line":16,"column":18},"end":{"line":16,"column":40}},"19":{"start":{"line":18,"column":19},"end":{"line":18,"column":58}},"20":{"start":{"line":20,"column":39},"end":{"line":20,"column":93}},"21":{"start":{"line":22,"column":50},"end":{"line":22,"column":151}},"22":{"start":{"line":22,"column":92},"end":{"line":22,"column":149}},"23":{"start":{"line":24,"column":50},"end":{"line":24,"column":151}},"24":{"start":{"line":24,"column":63},"end":{"line":24,"column":149}},"25":{"start":{"line":24,"column":152},"end":{"line":24,"column":238}},"26":{"start":{"line":26,"column":43},"end":{"line":26,"column":208}},"27":{"start":{"line":26,"column":106},"end":{"line":26,"column":206}},"28":{"start":{"line":26,"column":209},"end":{"line":26,"column":373}},"29":{"start":{"line":26,"column":374},"end":{"line":26,"column":492}},"30":{"start":{"line":26,"column":390},"end":{"line":26,"column":492}},"31":{"start":{"line":28,"column":18},"end":{"line":55,"column":39}},"32":{"start":{"line":29,"column":4},"end":{"line":29,"column":44}},"33":{"start":{"line":32,"column":8},"end":{"line":32,"column":42}},"34":{"start":{"line":34,"column":8},"end":{"line":34,"column":127}},"35":{"start":{"line":37,"column":4},"end":{"line":52,"column":8}},"36":{"start":{"line":40,"column":12},"end":{"line":40,"column":87}},"37":{"start":{"line":41,"column":12},"end":{"line":41,"column":80}},"38":{"start":{"line":46,"column":12},"end":{"line":50,"column":14}},"39":{"start":{"line":54,"column":4},"end":{"line":54,"column":22}},"40":{"start":{"line":56,"column":0},"end":{"line":56,"column":29}}},"fnMap":{"0":{"name":"(anonymous_0)","decl":{"start":{"line":8,"column":19},"end":{"line":8,"column":20}},"loc":{"start":{"line":8,"column":31},"end":{"line":8,"column":561}},"line":8},"1":{"name":"defineProperties","decl":{"start":{"line":8,"column":42},"end":{"line":8,"column":58}},"loc":{"start":{"line":8,"column":74},"end":{"line":8,"column":349}},"line":8},"2":{"name":"(anonymous_2)","decl":{"start":{"line":8,"column":357},"end":{"line":8,"column":358}},"loc":{"start":{"line":8,"column":405},"end":{"line":8,"column":558}},"line":8},"3":{"name":"_interopRequireDefault","decl":{"start":{"line":20,"column":9},"end":{"line":20,"column":31}},"loc":{"start":{"line":20,"column":37},"end":{"line":20,"column":95}},"line":20},"4":{"name":"_classCallCheck","decl":{"start":{"line":22,"column":9},"end":{"line":22,"column":24}},"loc":{"start":{"line":22,"column":48},"end":{"line":22,"column":153}},"line":22},"5":{"name":"_possibleConstructorReturn","decl":{"start":{"line":24,"column":9},"end":{"line":24,"column":35}},"loc":{"start":{"line":24,"column":48},"end":{"line":24,"column":240}},"line":24},"6":{"name":"_inherits","decl":{"start":{"line":26,"column":9},"end":{"line":26,"column":18}},"loc":{"start":{"line":26,"column":41},"end":{"line":26,"column":494}},"line":26},"7":{"name":"(anonymous_7)","decl":{"start":{"line":28,"column":67},"end":{"line":28,"column":68}},"loc":{"start":{"line":28,"column":95},"end":{"line":55,"column":1}},"line":28},"8":{"name":"BankButton","decl":{"start":{"line":31,"column":13},"end":{"line":31,"column":23}},"loc":{"start":{"line":31,"column":31},"end":{"line":35,"column":5}},"line":31},"9":{"name":"setActiveBank","decl":{"start":{"line":39,"column":24},"end":{"line":39,"column":37}},"loc":{"start":{"line":39,"column":40},"end":{"line":42,"column":9}},"line":39},"10":{"name":"render","decl":{"start":{"line":45,"column":24},"end":{"line":45,"column":30}},"loc":{"start":{"line":45,"column":33},"end":{"line":51,"column":9}},"line":45}},"branchMap":{"0":{"loc":{"start":{"line":8,"column":168},"end":{"line":8,"column":198}},"type":"binary-expr","locations":[{"start":{"line":8,"column":168},"end":{"line":8,"column":189}},{"start":{"line":8,"column":193},"end":{"line":8,"column":198}}],"line":8},"1":{"loc":{"start":{"line":8,"column":232},"end":{"line":8,"column":286}},"type":"if","locations":[{"start":{"line":8,"column":232},"end":{"line":8,"column":286}},{"start":{"line":8,"column":232},"end":{"line":8,"column":286}}],"line":8},"2":{"loc":{"start":{"line":8,"column":407},"end":{"line":8,"column":475}},"type":"if","locations":[{"start":{"line":8,"column":407},"end":{"line":8,"column":475}},{"start":{"line":8,"column":407},"end":{"line":8,"column":475}}],"line":8},"3":{"loc":{"start":{"line":8,"column":476},"end":{"line":8,"column":536}},"type":"if","locations":[{"start":{"line":8,"column":476},"end":{"line":8,"column":536}},{"start":{"line":8,"column":476},"end":{"line":8,"column":536}}],"line":8},"4":{"loc":{"start":{"line":20,"column":46},"end":{"line":20,"column":92}},"type":"cond-expr","locations":[{"start":{"line":20,"column":70},"end":{"line":20,"column":73}},{"start":{"line":20,"column":76},"end":{"line":20,"column":92}}],"line":20},"5":{"loc":{"start":{"line":20,"column":46},"end":{"line":20,"column":67}},"type":"binary-expr","locations":[{"start":{"line":20,"column":46},"end":{"line":20,"column":49}},{"start":{"line":20,"column":53},"end":{"line":20,"column":67}}],"line":20},"6":{"loc":{"start":{"line":22,"column":50},"end":{"line":22,"column":151}},"type":"if","locations":[{"start":{"line":22,"column":50},"end":{"line":22,"column":151}},{"start":{"line":22,"column":50},"end":{"line":22,"column":151}}],"line":22},"7":{"loc":{"start":{"line":24,"column":50},"end":{"line":24,"column":151}},"type":"if","locations":[{"start":{"line":24,"column":50},"end":{"line":24,"column":151}},{"start":{"line":24,"column":50},"end":{"line":24,"column":151}}],"line":24},"8":{"loc":{"start":{"line":24,"column":159},"end":{"line":24,"column":237}},"type":"cond-expr","locations":[{"start":{"line":24,"column":226},"end":{"line":24,"column":230}},{"start":{"line":24,"column":233},"end":{"line":24,"column":237}}],"line":24},"9":{"loc":{"start":{"line":24,"column":159},"end":{"line":24,"column":223}},"type":"binary-expr","locations":[{"start":{"line":24,"column":159},"end":{"line":24,"column":163}},{"start":{"line":24,"column":168},"end":{"line":24,"column":192}},{"start":{"line":24,"column":196},"end":{"line":24,"column":222}}],"line":24},"10":{"loc":{"start":{"line":26,"column":43},"end":{"line":26,"column":208}},"type":"if","locations":[{"start":{"line":26,"column":43},"end":{"line":26,"column":208}},{"start":{"line":26,"column":43},"end":{"line":26,"column":208}}],"line":26},"11":{"loc":{"start":{"line":26,"column":47},"end":{"line":26,"column":102}},"type":"binary-expr","locations":[{"start":{"line":26,"column":47},"end":{"line":26,"column":79}},{"start":{"line":26,"column":83},"end":{"line":26,"column":102}}],"line":26},"12":{"loc":{"start":{"line":26,"column":244},"end":{"line":26,"column":278}},"type":"binary-expr","locations":[{"start":{"line":26,"column":244},"end":{"line":26,"column":254}},{"start":{"line":26,"column":258},"end":{"line":26,"column":278}}],"line":26},"13":{"loc":{"start":{"line":26,"column":374},"end":{"line":26,"column":492}},"type":"if","locations":[{"start":{"line":26,"column":374},"end":{"line":26,"column":492}},{"start":{"line":26,"column":374},"end":{"line":26,"column":492}}],"line":26},"14":{"loc":{"start":{"line":26,"column":390},"end":{"line":26,"column":491}},"type":"cond-expr","locations":[{"start":{"line":26,"column":414},"end":{"line":26,"column":457}},{"start":{"line":26,"column":460},"end":{"line":26,"column":491}}],"line":26},"15":{"loc":{"start":{"line":28,"column":53},"end":{"line":55,"column":39}},"type":"binary-expr","locations":[{"start":{"line":28,"column":53},"end":{"line":55,"column":29}},{"start":{"line":55,"column":33},"end":{"line":55,"column":39}}],"line":28},"16":{"loc":{"start":{"line":34,"column":49},"end":{"line":34,"column":106}},"type":"binary-expr","locations":[{"start":{"line":34,"column":49},"end":{"line":34,"column":69}},{"start":{"line":34,"column":73},"end":{"line":34,"column":106}}],"line":34}},"s":{"0":1,"1":1,"2":1,"3":1,"4":2,"5":2,"6":2,"7":2,"8":2,"9":2,"10":1,"11":1,"12":1,"13":1,"14":0,"15":1,"16":1,"17":1,"18":1,"19":1,"20":1,"21":2,"22":0,"23":2,"24":0,"25":2,"26":1,"27":0,"28":1,"29":1,"30":1,"31":1,"32":1,"33":2,"34":2,"35":1,"36":0,"37":0,"38":2,"39":1,"40":1},"f":{"0":1,"1":1,"2":1,"3":1,"4":2,"5":2,"6":1,"7":1,"8":2,"9":0,"10":2},"b":{"0":[2,2],"1":[2,0],"2":[1,0],"3":[0,1],"4":[0,1],"5":[1,1],"6":[0,2],"7":[0,2],"8":[0,2],"9":[2,0,0],"10":[0,1],"11":[1,0],"12":[1,1],"13":[1,0],"14":[1,0],"15":[1,0],"16":[2,0]},"_coverageSchema":"332fd63041d2c1bcb487cc26dd0d5f7d97098a6c","hash":"8b01e4661e70691c76769fdd0dc5ce2e0a0590d3","contentHash":"1093fe409fe0eea6890febf3c5809752_11.0.2"},"c:\\dev\\atm-branch-finder\\public\\js\\components\\EndPointSelector\\index.js":{"path":"c:\\dev\\atm-branch-finder\\public\\js\\components\\EndPointSelector\\index.js","statementMap":{"0":{"start":{"line":3,"column":0},"end":{"line":5,"column":3}},"1":{"start":{"line":6,"column":0},"end":{"line":6,"column":28}},"2":{"start":{"line":8,"column":19},"end":{"line":8,"column":563}},"3":{"start":{"line":8,"column":76},"end":{"line":8,"column":347}},"4":{"start":{"line":8,"column":134},"end":{"line":8,"column":142}},"5":{"start":{"line":8,"column":144},"end":{"line":8,"column":199}},"6":{"start":{"line":8,"column":200},"end":{"line":8,"column":231}},"7":{"start":{"line":8,"column":232},"end":{"line":8,"column":286}},"8":{"start":{"line":8,"column":259},"end":{"line":8,"column":286}},"9":{"start":{"line":8,"column":287},"end":{"line":8,"column":345}},"10":{"start":{"line":8,"column":350},"end":{"line":8,"column":559}},"11":{"start":{"line":8,"column":407},"end":{"line":8,"column":475}},"12":{"start":{"line":8,"column":423},"end":{"line":8,"column":475}},"13":{"start":{"line":8,"column":476},"end":{"line":8,"column":536}},"14":{"start":{"line":8,"column":493},"end":{"line":8,"column":536}},"15":{"start":{"line":8,"column":537},"end":{"line":8,"column":556}},"16":{"start":{"line":10,"column":13},"end":{"line":10,"column":29}},"17":{"start":{"line":12,"column":14},"end":{"line":12,"column":44}},"18":{"start":{"line":14,"column":24},"end":{"line":14,"column":57}},"19":{"start":{"line":16,"column":25},"end":{"line":16,"column":66}},"20":{"start":{"line":18,"column":39},"end":{"line":18,"column":93}},"21":{"start":{"line":20,"column":50},"end":{"line":20,"column":151}},"22":{"start":{"line":20,"column":92},"end":{"line":20,"column":149}},"23":{"start":{"line":22,"column":50},"end":{"line":22,"column":151}},"24":{"start":{"line":22,"column":63},"end":{"line":22,"column":149}},"25":{"start":{"line":22,"column":152},"end":{"line":22,"column":238}},"26":{"start":{"line":24,"column":43},"end":{"line":24,"column":208}},"27":{"start":{"line":24,"column":106},"end":{"line":24,"column":206}},"28":{"start":{"line":24,"column":209},"end":{"line":24,"column":373}},"29":{"start":{"line":24,"column":374},"end":{"line":24,"column":492}},"30":{"start":{"line":24,"column":390},"end":{"line":24,"column":492}},"31":{"start":{"line":26,"column":23},"end":{"line":70,"column":28}},"32":{"start":{"line":27,"column":4},"end":{"line":27,"column":50}},"33":{"start":{"line":30,"column":8},"end":{"line":30,"column":48}},"34":{"start":{"line":32,"column":8},"end":{"line":32,"column":139}},"35":{"start":{"line":35,"column":4},"end":{"line":67,"column":8}},"36":{"start":{"line":38,"column":25},"end":{"line":38,"column":29}},"37":{"start":{"line":40,"column":12},"end":{"line":65,"column":14}},"38":{"start":{"line":47,"column":28},"end":{"line":47,"column":100}},"39":{"start":{"line":54,"column":28},"end":{"line":54,"column":104}},"40":{"start":{"line":61,"column":28},"end":{"line":61,"column":99}},"41":{"start":{"line":69,"column":4},"end":{"line":69,"column":28}},"42":{"start":{"line":72,"column":0},"end":{"line":72,"column":35}}},"fnMap":{"0":{"name":"(anonymous_0)","decl":{"start":{"line":8,"column":19},"end":{"line":8,"column":20}},"loc":{"start":{"line":8,"column":31},"end":{"line":8,"column":561}},"line":8},"1":{"name":"defineProperties","decl":{"start":{"line":8,"column":42},"end":{"line":8,"column":58}},"loc":{"start":{"line":8,"column":74},"end":{"line":8,"column":349}},"line":8},"2":{"name":"(anonymous_2)","decl":{"start":{"line":8,"column":357},"end":{"line":8,"column":358}},"loc":{"start":{"line":8,"column":405},"end":{"line":8,"column":558}},"line":8},"3":{"name":"_interopRequireDefault","decl":{"start":{"line":18,"column":9},"end":{"line":18,"column":31}},"loc":{"start":{"line":18,"column":37},"end":{"line":18,"column":95}},"line":18},"4":{"name":"_classCallCheck","decl":{"start":{"line":20,"column":9},"end":{"line":20,"column":24}},"loc":{"start":{"line":20,"column":48},"end":{"line":20,"column":153}},"line":20},"5":{"name":"_possibleConstructorReturn","decl":{"start":{"line":22,"column":9},"end":{"line":22,"column":35}},"loc":{"start":{"line":22,"column":48},"end":{"line":22,"column":240}},"line":22},"6":{"name":"_inherits","decl":{"start":{"line":24,"column":9},"end":{"line":24,"column":18}},"loc":{"start":{"line":24,"column":41},"end":{"line":24,"column":494}},"line":24},"7":{"name":"(anonymous_7)","decl":{"start":{"line":26,"column":23},"end":{"line":26,"column":24}},"loc":{"start":{"line":26,"column":51},"end":{"line":70,"column":1}},"line":26},"8":{"name":"EndPointSelector","decl":{"start":{"line":29,"column":13},"end":{"line":29,"column":29}},"loc":{"start":{"line":29,"column":37},"end":{"line":33,"column":5}},"line":29},"9":{"name":"render","decl":{"start":{"line":37,"column":24},"end":{"line":37,"column":30}},"loc":{"start":{"line":37,"column":33},"end":{"line":66,"column":9}},"line":37},"10":{"name":"onClick","decl":{"start":{"line":46,"column":63},"end":{"line":46,"column":70}},"loc":{"start":{"line":46,"column":73},"end":{"line":48,"column":25}},"line":46},"11":{"name":"onClick","decl":{"start":{"line":53,"column":63},"end":{"line":53,"column":70}},"loc":{"start":{"line":53,"column":73},"end":{"line":55,"column":25}},"line":53},"12":{"name":"onClick","decl":{"start":{"line":60,"column":63},"end":{"line":60,"column":70}},"loc":{"start":{"line":60,"column":73},"end":{"line":62,"column":25}},"line":60}},"branchMap":{"0":{"loc":{"start":{"line":8,"column":168},"end":{"line":8,"column":198}},"type":"binary-expr","locations":[{"start":{"line":8,"column":168},"end":{"line":8,"column":189}},{"start":{"line":8,"column":193},"end":{"line":8,"column":198}}],"line":8},"1":{"loc":{"start":{"line":8,"column":232},"end":{"line":8,"column":286}},"type":"if","locations":[{"start":{"line":8,"column":232},"end":{"line":8,"column":286}},{"start":{"line":8,"column":232},"end":{"line":8,"column":286}}],"line":8},"2":{"loc":{"start":{"line":8,"column":407},"end":{"line":8,"column":475}},"type":"if","locations":[{"start":{"line":8,"column":407},"end":{"line":8,"column":475}},{"start":{"line":8,"column":407},"end":{"line":8,"column":475}}],"line":8},"3":{"loc":{"start":{"line":8,"column":476},"end":{"line":8,"column":536}},"type":"if","locations":[{"start":{"line":8,"column":476},"end":{"line":8,"column":536}},{"start":{"line":8,"column":476},"end":{"line":8,"column":536}}],"line":8},"4":{"loc":{"start":{"line":18,"column":46},"end":{"line":18,"column":92}},"type":"cond-expr","locations":[{"start":{"line":18,"column":70},"end":{"line":18,"column":73}},{"start":{"line":18,"column":76},"end":{"line":18,"column":92}}],"line":18},"5":{"loc":{"start":{"line":18,"column":46},"end":{"line":18,"column":67}},"type":"binary-expr","locations":[{"start":{"line":18,"column":46},"end":{"line":18,"column":49}},{"start":{"line":18,"column":53},"end":{"line":18,"column":67}}],"line":18},"6":{"loc":{"start":{"line":20,"column":50},"end":{"line":20,"column":151}},"type":"if","locations":[{"start":{"line":20,"column":50},"end":{"line":20,"column":151}},{"start":{"line":20,"column":50},"end":{"line":20,"column":151}}],"line":20},"7":{"loc":{"start":{"line":22,"column":50},"end":{"line":22,"column":151}},"type":"if","locations":[{"start":{"line":22,"column":50},"end":{"line":22,"column":151}},{"start":{"line":22,"column":50},"end":{"line":22,"column":151}}],"line":22},"8":{"loc":{"start":{"line":22,"column":159},"end":{"line":22,"column":237}},"type":"cond-expr","locations":[{"start":{"line":22,"column":226},"end":{"line":22,"column":230}},{"start":{"line":22,"column":233},"end":{"line":22,"column":237}}],"line":22},"9":{"loc":{"start":{"line":22,"column":159},"end":{"line":22,"column":223}},"type":"binary-expr","locations":[{"start":{"line":22,"column":159},"end":{"line":22,"column":163}},{"start":{"line":22,"column":168},"end":{"line":22,"column":192}},{"start":{"line":22,"column":196},"end":{"line":22,"column":222}}],"line":22},"10":{"loc":{"start":{"line":24,"column":43},"end":{"line":24,"column":208}},"type":"if","locations":[{"start":{"line":24,"column":43},"end":{"line":24,"column":208}},{"start":{"line":24,"column":43},"end":{"line":24,"column":208}}],"line":24},"11":{"loc":{"start":{"line":24,"column":47},"end":{"line":24,"column":102}},"type":"binary-expr","locations":[{"start":{"line":24,"column":47},"end":{"line":24,"column":79}},{"start":{"line":24,"column":83},"end":{"line":24,"column":102}}],"line":24},"12":{"loc":{"start":{"line":24,"column":244},"end":{"line":24,"column":278}},"type":"binary-expr","locations":[{"start":{"line":24,"column":244},"end":{"line":24,"column":254}},{"start":{"line":24,"column":258},"end":{"line":24,"column":278}}],"line":24},"13":{"loc":{"start":{"line":24,"column":374},"end":{"line":24,"column":492}},"type":"if","locations":[{"start":{"line":24,"column":374},"end":{"line":24,"column":492}},{"start":{"line":24,"column":374},"end":{"line":24,"column":492}}],"line":24},"14":{"loc":{"start":{"line":24,"column":390},"end":{"line":24,"column":491}},"type":"cond-expr","locations":[{"start":{"line":24,"column":414},"end":{"line":24,"column":457}},{"start":{"line":24,"column":460},"end":{"line":24,"column":491}}],"line":24},"15":{"loc":{"start":{"line":32,"column":49},"end":{"line":32,"column":118}},"type":"binary-expr","locations":[{"start":{"line":32,"column":49},"end":{"line":32,"column":75}},{"start":{"line":32,"column":79},"end":{"line":32,"column":118}}],"line":32}},"s":{"0":1,"1":1,"2":1,"3":1,"4":1,"5":1,"6":1,"7":1,"8":1,"9":1,"10":1,"11":1,"12":1,"13":1,"14":0,"15":1,"16":1,"17":1,"18":1,"19":1,"20":2,"21":0,"22":0,"23":0,"24":0,"25":0,"26":1,"27":0,"28":1,"29":1,"30":1,"31":1,"32":1,"33":0,"34":0,"35":1,"36":0,"37":0,"38":0,"39":0,"40":0,"41":1,"42":1},"f":{"0":1,"1":1,"2":1,"3":2,"4":0,"5":0,"6":1,"7":1,"8":0,"9":0,"10":0,"11":0,"12":0},"b":{"0":[1,1],"1":[1,0],"2":[1,0],"3":[0,1],"4":[0,2],"5":[2,2],"6":[0,0],"7":[0,0],"8":[0,0],"9":[0,0,0],"10":[0,1],"11":[1,0],"12":[1,1],"13":[1,0],"14":[1,0],"15":[0,0]},"_coverageSchema":"332fd63041d2c1bcb487cc26dd0d5f7d97098a6c","hash":"154627b33ef8da99f89aa6bdc293771268c577fd","contentHash":"d58a903171302ebd7a58970d92c87e97_11.0.2"},"c:\\dev\\atm-branch-finder\\public\\js\\containers\\InfoContainer\\index.js":{"path":"c:\\dev\\atm-branch-finder\\public\\js\\containers\\InfoContainer\\index.js","statementMap":{"0":{"start":{"line":3,"column":0},"end":{"line":5,"column":3}},"1":{"start":{"line":6,"column":0},"end":{"line":6,"column":28}},"2":{"start":{"line":8,"column":19},"end":{"line":8,"column":563}},"3":{"start":{"line":8,"column":76},"end":{"line":8,"column":347}},"4":{"start":{"line":8,"column":134},"end":{"line":8,"column":142}},"5":{"start":{"line":8,"column":144},"end":{"line":8,"column":199}},"6":{"start":{"line":8,"column":200}
[...]
"5":1,"6":1,"7":1,"8":1,"9":1,"10":1},"b":{"0":[1,1],"1":[1,0],"2":[1,0],"3":[0,1],"4":[1,1],"5":[2,2],"6":[0,1],"7":[0,1],"8":[0,1],"9":[1,0,0],"10":[0,1],"11":[1,0],"12":[1,1],"13":[1,0],"14":[1,0],"15":[1,0],"16":[1,0]},"_coverageSchema":"332fd63041d2c1bcb487cc26dd0d5f7d97098a6c","hash":"f935bfa2caee53b44b3083f2bdda650f1095514d","contentHash":"d0a92d12006a40315386c3afa2c5571c_11.0.2"},"c:\\dev\\atm-branch-finder\\public\\js\\components\\PCAWindow\\index.js":{"path":"c:\\dev\\atm-branch-finder\\public\\js\\components\\PCAWindow\\index.js","statementMap":{"0":{"start":{"line":3,"column":0},"end":{"line":5,"column":3}},"1":{"start":{"line":6,"column":0},"end":{"line":6,"column":28}},"2":{"start":{"line":8,"column":19},"end":{"line":8,"column":563}},"3":{"start":{"line":8,"column":76},"end":{"line":8,"column":347}},"4":{"start":{"line":8,"column":134},"end":{"line":8,"column":142}},"5":{"start":{"line":8,"column":144},"end":{"line":8,"column":199}},"6":{"start":{"line":8,"column":200},"end":{"line":8,"column":231}},"7":{"start":{"line":8,"column":232},"end":{"line":8,"column":286}},"8":{"start":{"line":8,"column":259},"end":{"line":8,"column":286}},"9":{"start":{"line":8,"column":287},"end":{"line":8,"column":345}},"10":{"start":{"line":8,"column":350},"end":{"line":8,"column":559}},"11":{"start":{"line":8,"column":407},"end":{"line":8,"column":475}},"12":{"start":{"line":8,"column":423},"end":{"line":8,"column":475}},"13":{"start":{"line":8,"column":476},"end":{"line":8,"column":536}},"14":{"start":{"line":8,"column":493},"end":{"line":8,"column":536}},"15":{"start":{"line":8,"column":537},"end":{"line":8,"column":556}},"16":{"start":{"line":10,"column":13},"end":{"line":10,"column":29}},"17":{"start":{"line":12,"column":14},"end":{"line":12,"column":44}},"18":{"start":{"line":14,"column":17},"end":{"line":14,"column":43}},"19":{"start":{"line":16,"column":18},"end":{"line":16,"column":52}},"20":{"start":{"line":18,"column":15},"end":{"line":18,"column":36}},"21":{"start":{"line":20,"column":16},"end":{"line":20,"column":48}},"22":{"start":{"line":22,"column":39},"end":{"line":22,"column":93}},"23":{"start":{"line":24,"column":50},"end":{"line":24,"column":151}},"24":{"start":{"line":24,"column":92},"end":{"line":24,"column":149}},"25":{"start":{"line":26,"column":50},"end":{"line":26,"column":151}},"26":{"start":{"line":26,"column":63},"end":{"line":26,"column":149}},"27":{"start":{"line":26,"column":152},"end":{"line":26,"column":238}},"28":{"start":{"line":28,"column":43},"end":{"line":28,"column":208}},"29":{"start":{"line":28,"column":106},"end":{"line":28,"column":206}},"30":{"start":{"line":28,"column":209},"end":{"line":28,"column":373}},"31":{"start":{"line":28,"column":374},"end":{"line":28,"column":492}},"32":{"start":{"line":28,"column":390},"end":{"line":28,"column":492}},"33":{"start":{"line":30,"column":16},"end":{"line":53,"column":28}},"34":{"start":{"line":31,"column":4},"end":{"line":31,"column":43}},"35":{"start":{"line":34,"column":8},"end":{"line":34,"column":41}},"36":{"start":{"line":36,"column":8},"end":{"line":36,"column":125}},"37":{"start":{"line":39,"column":4},"end":{"line":50,"column":8}},"38":{"start":{"line":43,"column":12},"end":{"line":48,"column":14}},"39":{"start":{"line":52,"column":4},"end":{"line":52,"column":21}},"40":{"start":{"line":55,"column":0},"end":{"line":55,"column":28}},"41":{"start":{"line":59,"column":15},"end":{"line":65,"column":6}},"42":{"start":{"line":60,"column":8},"end":{"line":64,"column":10}},"43":{"start":{"line":67,"column":4},"end":{"line":75,"column":6}}},"fnMap":{"0":{"name":"(anonymous_0)","decl":{"start":{"line":8,"column":19},"end":{"line":8,"column":20}},"loc":{"start":{"line":8,"column":31},"end":{"line":8,"column":561}},"line":8},"1":{"name":"defineProperties","decl":{"start":{"line":8,"column":42},"end":{"line":8,"column":58}},"loc":{"start":{"line":8,"column":74},"end":{"line":8,"column":349}},"line":8},"2":{"name":"(anonymous_2)","decl":{"start":{"line":8,"column":357},"end":{"line":8,"column":358}},"loc":{"start":{"line":8,"column":405},"end":{"line":8,"column":558}},"line":8},"3":{"name":"_interopRequireDefault","decl":{"start":{"line":22,"column":9},"end":{"line":22,"column":31}},"loc":{"start":{"line":22,"column":37},"end":{"line":22,"column":95}},"line":22},"4":{"name":"_classCallCheck","decl":{"start":{"line":24,"column":9},"end":{"line":24,"column":24}},"loc":{"start":{"line":24,"column":48},"end":{"line":24,"column":153}},"line":24},"5":{"name":"_possibleConstructorReturn","decl":{"start":{"line":26,"column":9},"end":{"line":26,"column":35}},"loc":{"start":{"line":26,"column":48},"end":{"line":26,"column":240}},"line":26},"6":{"name":"_inherits","decl":{"start":{"line":28,"column":9},"end":{"line":28,"column":18}},"loc":{"start":{"line":28,"column":41},"end":{"line":28,"column":494}},"line":28},"7":{"name":"(anonymous_7)","decl":{"start":{"line":30,"column":16},"end":{"line":30,"column":17}},"loc":{"start":{"line":30,"column":44},"end":{"line":53,"column":1}},"line":30},"8":{"name":"PCAWindow","decl":{"start":{"line":33,"column":13},"end":{"line":33,"column":22}},"loc":{"start":{"line":33,"column":30},"end":{"line":37,"column":5}},"line":33},"9":{"name":"render","decl":{"start":{"line":41,"column":24},"end":{"line":41,"column":30}},"loc":{"start":{"line":41,"column":33},"end":{"line":49,"column":9}},"line":41},"10":{"name":"ListPCA","decl":{"start":{"line":58,"column":9},"end":{"line":58,"column":16}},"loc":{"start":{"line":58,"column":26},"end":{"line":76,"column":1}},"line":58},"11":{"name":"(anonymous_11)","decl":{"start":{"line":59,"column":27},"end":{"line":59,"column":28}},"loc":{"start":{"line":59,"column":49},"end":{"line":65,"column":5}},"line":59}},"branchMap":{"0":{"loc":{"start":{"line":8,"column":168},"end":{"line":8,"column":198}},"type":"binary-expr","locations":[{"start":{"line":8,"column":168},"end":{"line":8,"column":189}},{"start":{"line":8,"column":193},"end":{"line":8,"column":198}}],"line":8},"1":{"loc":{"start":{"line":8,"column":232},"end":{"line":8,"column":286}},"type":"if","locations":[{"start":{"line":8,"column":232},"end":{"line":8,"column":286}},{"start":{"line":8,"column":232},"end":{"line":8,"column":286}}],"line":8},"2":{"loc":{"start":{"line":8,"column":407},"end":{"line":8,"column":475}},"type":"if","locations":[{"start":{"line":8,"column":407},"end":{"line":8,"column":475}},{"start":{"line":8,"column":407},"end":{"line":8,"column":475}}],"line":8},"3":{"loc":{"start":{"line":8,"column":476},"end":{"line":8,"column":536}},"type":"if","locations":[{"start":{"line":8,"column":476},"end":{"line":8,"column":536}},{"start":{"line":8,"column":476},"end":{"line":8,"column":536}}],"line":8},"4":{"loc":{"start":{"line":22,"column":46},"end":{"line":22,"column":92}},"type":"cond-expr","locations":[{"start":{"line":22,"column":70},"end":{"line":22,"column":73}},{"start":{"line":22,"column":76},"end":{"line":22,"column":92}}],"line":22},"5":{"loc":{"start":{"line":22,"column":46},"end":{"line":22,"column":67}},"type":"binary-expr","locations":[{"start":{"line":22,"column":46},"end":{"line":22,"column":49}},{"start":{"line":22,"column":53},"end":{"line":22,"column":67}}],"line":22},"6":{"loc":{"start":{"line":24,"column":50},"end":{"line":24,"column":151}},"type":"if","locations":[{"start":{"line":24,"column":50},"end":{"line":24,"column":151}},{"start":{"line":24,"column":50},"end":{"line":24,"column":151}}],"line":24},"7":{"loc":{"start":{"line":26,"column":50},"end":{"line":26,"column":151}},"type":"if","locations":[{"start":{"line":26,"column":50},"end":{"line":26,"column":151}},{"start":{"line":26,"column":50},"end":{"line":26,"column":151}}],"line":26},"8":{"loc":{"start":{"line":26,"column":159},"end":{"line":26,"column":237}},"type":"cond-expr","locations":[{"start":{"line":26,"column":226},"end":{"line":26,"column":230}},{"start":{"line":26,"column":233},"end":{"line":26,"column":237}}],"line":26},"9":{"loc":{"start":{"line":26,"column":159},"end":{"line":26,"column":223}},"type":"binary-expr","locations":[{"start":{"line":26,"column":159},"end":{"line":26,"column":163}},{"start":{"line":26,"column":168},"end":{"line":26,"column":192}},{"start":{"line":26,"column":196},"end":{"line":26,"column":222}}],"line":26},"10":{"loc":{"start":{"line":28,"column":43},"end":{"line":28,"column":208}},"type":"if","locations":[{"start":{"line":28,"column":43},"end":{"line":28,"column":208}},{"start":{"line":28,"column":43},"end":{"line":28,"column":208}}],"line":28},"11":{"loc":{"start":{"line":28,"column":47},"end":{"line":28,"column":102}},"type":"binary-expr","locations":[{"start":{"line":28,"column":47},"end":{"line":28,"column":79}},{"start":{"line":28,"column":83},"end":{"line":28,"column":102}}],"line":28},"12":{"loc":{"start":{"line":28,"column":244},"end":{"line":28,"column":278}},"type":"binary-expr","locations":[{"start":{"line":28,"column":244},"end":{"line":28,"column":254}},{"start":{"line":28,"column":258},"end":{"line":28,"column":278}}],"line":28},"13":{"loc":{"start":{"line":28,"column":374},"end":{"line":28,"column":492}},"type":"if","locations":[{"start":{"line":28,"column":374},"end":{"line":28,"column":492}},{"start":{"line":28,"column":374},"end":{"line":28,"column":492}}],"line":28},"14":{"loc":{"start":{"line":28,"column":390},"end":{"line":28,"column":491}},"type":"cond-expr","locations":[{"start":{"line":28,"column":414},"end":{"line":28,"column":457}},{"start":{"line":28,"column":460},"end":{"line":28,"column":491}}],"line":28},"15":{"loc":{"start":{"line":36,"column":49},"end":{"line":36,"column":104}},"type":"binary-expr","locations":[{"start":{"line":36,"column":49},"end":{"line":36,"column":68}},{"start":{"line":36,"column":72},"end":{"line":36,"column":104}}],"line":36},"16":{"loc":{"start":{"line":47,"column":16},"end":{"line":47,"column":134}},"type":"cond-expr","locations":[{"start":{"line":47,"column":64},"end":{"line":47,"column":118}},{"start":{"line":47,"column":121},"end":{"line":47,"column":134}}],"line":47}},"s":{"0":1,"1":1,"2":1,"3":1,"4":1,"5":1,"6":1,"7":1,"8":1,"9":1,"10":1,"11":1,"12":1,"13":1,"14":0,"15":1,"16":1,"17":1,"18":1,"19":1,"20":1,"21":1,"22":3,"23":2,"24":0,"25":2,"26":0,"27":2,"28":1,"29":0,"30":1,"31":1,"32":1,"33":1,"34":1,"35":2,"36":2,"37":1,"38":2,"39":1,"40":1,"41":2,"42":2,"43":2},"f":{"0":1,"1":1,"2":1,"3":3,"4":2,"5":2,"6":1,"7":1,"8":2,"9":2,"10":2,"11":2},"b":{"0":[1,1],"1":[1,0],"2":[1,0],"3":[0,1],"4":[1,2],"5":[3,3],"6":[0,2],"7":[0,2],"8":[0,2],"9":[2,0,0],"10":[0,1],"11":[1,0],"12":[1,1],"13":[1,0],"14":[1,0],"15":[2,0],"16":[2,0]},"_coverageSchema":"332fd63041d2c1bcb487cc26dd0d5f7d97098a6c","hash":"6390075d20a4e5465f2ce452d33b1fd73b30fcf5","contentHash":"3767135ba1adfd078868e0725be44790_11.0.2"},"c:\\dev\\atm-branch-finder\\public\\js\\components\\PCAView\\index.js":{"path":"c:\\dev\\atm-branch-finder\\public\\js\\components\\PCAView\\index.js","statementMap":{"0":{"start":{"line":3,"column":0},"end":{"line":5,"column":3}},"1":{"start":{"line":6,"column":0},"end":{"line":6,"column":28}},"2":{"start":{"line":8,"column":19},"end":{"line":8,"column":563}},"3":{"start":{"line":8,"column":76},"end":{"line":8,"column":347}},"4":{"start":{"line":8,"column":134},"end":{"line":8,"column":142}},"5":{"start":{"line":8,"column":144},"end":{"line":8,"column":199}},"6":{"start":{"line":8,"column":200},"end":{"line":8,"column":231}},"7":{"start":{"line":8,"column":232},"end":{"line":8,"column":286}},"8":{"start":{"line":8,"column":259},"end":{"line":8,"column":286}},"9":{"start":{"line":8,"column":287},"end":{"line":8,"column":345}},"10":{"start":{"line":8,"column":350},"end":{"line":8,"column":559}},"11":{"start":{"line":8,"column":407},"end":{"line":8,"column":475}},"12":{"start":{"line":8,"column":423},"end":{"line":8,"column":475}},"13":{"start":{"line":8,"column":476},"end":{"line":8,"column":536}},"14":{"start":{"line":8,"column":493},"end":{"line":8,"column":536}},"15":{"start":{"line":8,"column":537},"end":{"line":8,"column":556}},"16":{"start":{"line":10,"column":13},"end":{"line":10,"column":29}},"17":{"start":{"line":12,"column":14},"end":{"line":12,"column":44}},"18":{"start":{"line":14,"column":39},"end":{"line":14,"column":93}},"19":{"start":{"line":16,"column":50},"end":{"line":16,"column":151}},"20":{"start":{"line":16,"column":92},"end":{"line":16,"column":149}},"21":{"start":{"line":18,"column":50},"end":{"line":18,"column":151}},"22":{"start":{"line":18,"column":63},"end":{"line":18,"column":149}},"23":{"start":{"line":18,"column":152},"end":{"line":18,"column":238}},"24":{"start":{"line":20,"column":43},"end":{"line":20,"column":208}},"25":{"start":{"line":20,"column":106},"end":{"line":20,"column":206}},"26":{"start":{"line":20,"column":209},"end":{"line":20,"column":373}},"27":{"start":{"line":20,"column":374},"end":{"line":20,"column":492}},"28":{"start":{"line":20,"column":390},"end":{"line":20,"column":492}},"29":{"start":{"line":22,"column":14},"end":{"line":64,"column":28}},"30":{"start":{"line":23,"column":4},"end":{"line":23,"column":41}},"31":{"start":{"line":26,"column":8},"end":{"line":26,"column":39}},"32":{"start":{"line":28,"column":8},"end":{"line":28,"column":121}},"33":{"start":{"line":31,"column":4},"end":{"line":61,"column":8}},"34":{"start":{"line":34,"column":12},"end":{"line":59,"column":14}},"35":{"start":{"line":63,"column":4},"end":{"line":63,"column":19}},"36":{"start":{"line":66,"column":0},"end":{"line":66,"column":26}}},"fnMap":{"0":{"name":"(anonymous_0)","decl":{"start":{"line":8,"column":19},"end":{"line":8,"column":20}},"loc":{"start":{"line":8,"column":31},"end":{"line":8,"column":561}},"line":8},"1":{"name":"defineProperties","decl":{"start":{"line":8,"column":42},"end":{"line":8,"column":58}},"loc":{"start":{"line":8,"column":74},"end":{"line":8,"column":349}},"line":8},"2":{"name":"(anonymous_2)","decl":{"start":{"line":8,"column":357},"end":{"line":8,"column":358}},"loc":{"start":{"line":8,"column":405},"end":{"line":8,"column":558}},"line":8},"3":{"name":"_interopRequireDefault","decl":{"start":{"line":14,"column":9},"end":{"line":14,"column":31}},"loc":{"start":{"line":14,"column":37},"end":{"line":14,"column":95}},"line":14},"4":{"name":"_classCallCheck","decl":{"start":{"line":16,"column":9},"end":{"line":16,"column":24}},"loc":{"start":{"line":16,"column":48},"end":{"line":16,"column":153}},"line":16},"5":{"name":"_possibleConstructorReturn","decl":{"start":{"line":18,"column":9},"end":{"line":18,"column":35}},"loc":{"start":{"line":18,"column":48},"end":{"line":18,"column":240}},"line":18},"6":{"name":"_inherits","decl":{"start":{"line":20,"column":9},"end":{"line":20,"column":18}},"loc":{"start":{"line":20,"column":41},"end":{"line":20,"column":494}},"line":20},"7":{"name":"(anonymous_7)","decl":{"start":{"line":22,"column":14},"end":{"line":22,"column":15}},"loc":{"start":{"line":22,"column":42},"end":{"line":64,"column":1}},"line":22},"8":{"name":"PCAView","decl":{"start":{"line":25,"column":13},"end":{"line":25,"column":20}},"loc":{"start":{"line":25,"column":28},"end":{"line":29,"column":5}},"line":25},"9":{"name":"render","decl":{"start":{"line":33,"column":24},"end":{"line":33,"column":30}},"loc":{"start":{"line":33,"column":33},"end":{"line":60,"column":9}},"line":33}},"branchMap":{"0":{"loc":{"start":{"line":8,"column":168},"end":{"line":8,"column":198}},"type":"binary-expr","locations":[{"start":{"line":8,"column":168},"end":{"line":8,"column":189}},{"start":{"line":8,"column":193},"end":{"line":8,"column":198}}],"line":8},"1":{"loc":{"start":{"line":8,"column":232},"end":{"line":8,"column":286}},"type":"if","locations":[{"start":{"line":8,"column":232},"end":{"line":8,"column":286}},{"start":{"line":8,"column":232},"end":{"line":8,"column":286}}],"line":8},"2":{"loc":{"start":{"line":8,"column":407},"end":{"line":8,"column":475}},"type":"if","locations":[{"start":{"line":8,"column":407},"end":{"line":8,"column":475}},{"start":{"line":8,"column":407},"end":{"line":8,"column":475}}],"line":8},"3":{"loc":{"start":{"line":8,"column":476},"end":{"line":8,"column":536}},"type":"if","locations":[{"start":{"line":8,"column":476},"end":{"line":8,"column":536}},{"start":{"line":8,"column":476},"end":{"line":8,"column":536}}],"line":8},"4":{"loc":{"start":{"line":14,"column":46},"end":{"line":14,"column":92}},"type":"cond-expr","locations":[{"start":{"line":14,"column":70},"end":{"line":14,"column":73}},{"start":{"line":14,"column":76},"end":{"line":14,"column":92}}],"line":14},"5":{"loc":{"start":{"line":14,"column":46},"end":{"line":14,"column":67}},"type":"binary-expr","locations":[{"start":{"line":14,"column":46},"end":{"line":14,"column":49}},{"start":{"line":14,"column":53},"end":{"line":14,"column":67}}],"line":14},"6":{"loc":{"start":{"line":16,"column":50},"end":{"line":16,"column":151}},"type":"if","locations":[{"start":{"line":16,"column":50},"end":{"line":16,"column":151}},{"start":{"line":16,"column":50},"end":{"line":16,"column":151}}],"line":16},"7":{"loc":{"start":{"line":18,"column":50},"end":{"line":18,"column":151}},"type":"if","locations":[{"start":{"line":18,"column":50},"end":{"line":18,"column":151}},{"start":{"line":18,"column":50},"end":{"line":18,"column":151}}],"line":18},"8":{"loc":{"start":{"line":18,"column":159},"end":{"line":18,"column":237}},"type":"cond-expr","locations":[{"start":{"line":18,"column":226},"end":{"line":18,"column":230}},{"start":{"line":18,"column":233},"end":{"line":18,"column":237}}],"line":18},"9":{"loc":{"start":{"line":18,"column":159},"end":{"line":18,"column":223}},"type":"binary-expr","locations":[{"start":{"line":18,"column":159},"end":{"line":18,"column":163}},{"start":{"line":18,"column":168},"end":{"line":18,"column":192}},{"start":{"line":18,"column":196},"end":{"line":18,"column":222}}],"line":18},"10":{"loc":{"start":{"line":20,"column":43},"end":{"line":20,"column":208}},"type":"if","locations":[{"start":{"line":20,"column":43},"end":{"line":20,"column":208}},{"start":{"line":20,"column":43},"end":{"line":20,"column":208}}],"line":20},"11":{"loc":{"start":{"line":20,"column":47},"end":{"line":20,"column":102}},"type":"binary-expr","locations":[{"start":{"line":20,"column":47},"end":{"line":20,"column":79}},{"start":{"line":20,"column":83},"end":{"line":20,"column":102}}],"line":20},"12":{"loc":{"start":{"line":20,"column":244},"end":{"line":20,"column":278}},"type":"binary-expr","locations":[{"start":{"line":20,"column":244},"end":{"line":20,"column":254}},{"start":{"line":20,"column":258},"end":{"line":20,"column":278}}],"line":20},"13":{"loc":{"start":{"line":20,"column":374},"end":{"line":20,"column":492}},"type":"if","locations":[{"start":{"line":20,"column":374},"end":{"line":20,"column":492}},{"start":{"line":20,"column":374},"end":{"line":20,"column":492}}],"line":20},"14":{"loc":{"start":{"line":20,"column":390},"end":{"line":20,"column":491}},"type":"cond-expr","locations":[{"start":{"line":20,"column":414},"end":{"line":20,"column":457}},{"start":{"line":20,"column":460},"end":{"line":20,"column":491}}],"line":20},"15":{"loc":{"start":{"line":28,"column":49},"end":{"line":28,"column":100}},"type":"binary-expr","locations":[{"start":{"line":28,"column":49},"end":{"line":28,"column":66}},{"start":{"line":28,"column":70},"end":{"line":28,"column":100}}],"line":28}},"s":{"0":1,"1":1,"2":1,"3":1,"4":1,"5":1,"6":1,"7":1,"8":1,"9":1,"10":1,"11":1,"12":1,"13":1,"14":0,"15":1,"16":1,"17":1,"18":1,"19":0,"20":0,"21":0,"22":0,"23":0,"24":1,"25":0,"26":1,"27":1,"28":1,"29":1,"30":1,"31":0,"32":0,"33":1,"34":0,"35":1,"36":1},"f":{"0":1,"1":1,"2":1,"3":1,"4":0,"5":0,"6":1,"7":1,"8":0,"9":0},"b":{"0":[1,1],"1":[1,0],"2":[1,0],"3":[0,1],"4":[0,1],"5":[1,1],"6":[0,0],"7":[0,0],"8":[0,0],"9":[0,0,0],"10":[0,1],"11":[1,0],"12":[1,1],"13":[1,0],"14":[1,0],"15":[0,0]},"_coverageSchema":"332fd63041d2c1bcb487cc26dd0d5f7d97098a6c","hash":"ad901702277c3758fd273926881815e46542ecc6","contentHash":"7a90ac1e02a00ea247100bc43b2e1caa_11.0.2"}}