TN:
SF:c:/dev/atm-branch-finder/public/js/store.js
FNF:0
FNH:0
DA:1,1
DA:2,1
DA:3,1
DA:5,1
DA:7,1
DA:9,1
DA:10,0
DA:12,1
DA:15,1
DA:16,1
LF:10
LH:9
BRDA:9,0,0,0
BRDA:9,0,1,1
BRF:2
BRH:1
end_of_record
TN:
SF:c:/dev/atm-branch-finder/public/js/actions/bankActions.js
FN:5,changeActiveBank
FN:12,setActiveEndPoint
FN:19,getBankData
FN:20,(anonymous_4)
FN:26,getEndPointData
FN:27,(anonymous_6)
FN:31,(anonymous_7)
FN:43,setEndPointData
FN:60,filterEndPointData
FN:74,filterATMData
FN:75,(anonymous_11)
FN:80,(anonymous_12)
FN:95,filterBranchData
FN:96,(anonymous_14)
FN:101,(anonymous_15)
FNF:15
FNH:12
FNDA:2,changeActiveBank
FNDA:1,setActiveEndPoint
FNDA:1,getBankData
FNDA:1,(anonymous_4)
FNDA:0,getEndPointData
FNDA:0,(anonymous_6)
FNDA:0,(anonymous_7)
FNDA:4,setEndPointData
FNDA:5,filterEndPointData
FNDA:3,filterATMData
FNDA:6,(anonymous_11)
FNDA:1,(anonymous_12)
FNDA:1,filterBranchData
FNDA:2,(anonymous_14)
FNDA:1,(anonymous_15)
DA:1,1
DA:2,1
DA:3,1
DA:6,2
DA:13,1
DA:20,1
DA:21,1
DA:22,0
DA:27,0
DA:28,0
DA:29,0
DA:30,0
DA:32,0
DA:33,0
DA:34,0
DA:37,0
DA:38,0
DA:44,4
DA:46,1
DA:49,1
DA:52,1
DA:55,1
DA:61,5
DA:63,3
DA:66,1
DA:69,1
DA:75,3
DA:76,6
DA:80,3
DA:81,1
DA:87,1
DA:89,3
DA:96,1
DA:97,2
DA:101,1
DA:102,1
DA:108,1
DA:110,1
LF:38
LH:28
BRDA:29,0,0,0
BRDA:29,0,1,0
BRDA:45,1,0,1
BRDA:45,1,1,1
BRDA:45,1,2,1
BRDA:45,1,3,1
BRDA:62,2,0,3
BRDA:62,2,1,1
BRDA:62,2,2,1
BRDA:77,3,0,2
BRDA:77,3,1,4
BRDA:76,4,0,6
BRDA:76,4,1,6
BRDA:98,5,0,2
BRDA:98,5,1,0
BRDA:97,6,0,2
BRDA:97,6,1,2
BRF:17
BRH:14
end_of_record
TN:
SF:c:/dev/atm-branch-finder/public/js/actions/infoActions.js
FN:3,setInfoIndex
FN:8,setInfoObjects
FNF:2
FNH:2
FNDA:3,setInfoIndex
FNDA:1,setInfoObjects
DA:1,1
DA:4,3
DA:9,1
LF:3
LH:3
BRF:0
BRH:0
end_of_record
TN:
SF:c:/dev/atm-branch-finder/public/js/actions/mapActions.js
FN:3,setInfoObjectLocation
FN:6,(anonymous_2)
FN:12,setMapCoordinates
FN:14,(anonymous_4)
FN:23,setLatitude
FN:30,setLongitude
FNF:6
FNH:6
FNDA:5,setInfoObjectLocation
FNDA:3,(anonymous_2)
FNDA:5,setMapCoordinates
FNDA:4,(anonymous_4)
FNDA:5,setLatitude
FNDA:5,setLongitude
DA:1,1
DA:4,5
DA:5,4
DA:6,3
DA:9,2
DA:13,5
DA:14,4
DA:15,4
DA:16,4
DA:19,1
DA:24,5
DA:31,5
LF:12
LH:12
BRDA:4,0,0,4
BRDA:4,0,1,1
BRDA:5,1,0,3
BRDA:5,1,1,1
BRDA:13,2,0,4
BRDA:13,2,1,1
BRF:6
BRH:6
end_of_record
TN:
SF:c:/dev/atm-branch-finder/public/js/components/BankButton/index.js
FNF:0
FNH:0
DA:1,1
DA:2,1
DA:3,1
DA:9,1
DA:10,1
DA:14,3
LF:6
LH:6
BRF:0
BRH:0
end_of_record
TN:
SF:c:/dev/atm-branch-finder/public/js/components/BankWindow/index.js
FN:21,ListBanks
FN:26,(anonymous_11)
FNF:2
FNH:2
FNDA:3,ListBanks
FNDA:15,(anonymous_11)
DA:1,1
DA:2,1
DA:3,1
DA:4,1
DA:10,4
DA:23,3
DA:26,15
DA:32,3
LF:8
LH:8
BRDA:13,0,0,3
BRDA:13,0,1,1
BRF:2
BRH:2
end_of_record
TN:
SF:c:/dev/atm-branch-finder/public/js/components/BranchWindow/index.js
FNF:0
FNH:0
DA:1,1
DA:7,1
LF:2
LH:2
BRF:0
BRH:0
end_of_record
TN:
SF:c:/dev/atm-branch-finder/public/js/components/EndPointSelector/index.js
FN:10,onClick
FN:11,onClick
FN:12,onClick
FNF:3
FNH:3
FNDA:1,onClick
FNDA:1,onClick
FNDA:1,onClick
DA:1,1
DA:2,1
DA:7,4
DA:8,4
DA:10,1
DA:11,1
DA:12,1
LF:7
LH:7
BRF:0
BRH:0
end_of_record
TN:
SF:c:/dev/atm-branch-finder/public/js/components/FilterWindow/index.js
FN:5,(anonymous_7)
FN:13,FilterWindow
FNF:2
FNH:2
FNDA:3,(anonymous_7)
FNDA:3,FilterWindow
DA:1,1
DA:2,1
DA:3,1
DA:6,3
DA:13,9
DA:15,3
DA:17,3
DA:18,3
DA:22,1
DA:26,1
DA:27,1
DA:28,1
DA:32,4
LF:13
LH:13
BRDA:13,0,0,3
BRDA:13,0,1,0
BRF:2
BRH:1
end_of_record
TN:
SF:c:/dev/atm-branch-finder/public/js/components/InfoView/index.js
FN:9,(anonymous_10)
FN:21,(anonymous_12)
FNF:2
FNH:2
FNDA:3,(anonymous_10)
FNDA:1,(anonymous_12)
DA:1,1
DA:6,3
DA:9,3
DA:18,1
DA:21,1
DA:31,4
DA:32,3
DA:41,1
LF:8
LH:8
BRDA:31,0,0,3
BRDA:31,0,1,1
BRDA:36,1,0,1
BRDA:36,1,1,2
BRF:4
BRH:4
end_of_record
TN:
SF:c:/dev/atm-branch-finder/public/js/components/InfoViewSelector/index.js
FNF:0
FNH:0
DA:1,1
DA:2,1
DA:3,1
DA:9,1
DA:11,1
DA:12,1
DA:16,1
DA:18,1
DA:19,1
DA:24,5
LF:10
LH:10
BRDA:10,0,0,0
BRDA:10,0,1,1
BRDA:17,1,0,0
BRDA:17,1,1,1
BRF:4
BRH:2
end_of_record
TN:
SF:c:/dev/atm-branch-finder/public/js/components/InfoWindow/index.js
FNF:0
FNH:0
DA:1,1
DA:2,1
DA:3,1
DA:4,1
DA:5,1
DA:12,3
DA:13,2
DA:21,1
LF:8
LH:8
BRDA:12,0,0,2
BRDA:12,0,1,1
BRF:2
BRH:2
end_of_record
TN:
SF:c:/dev/atm-branch-finder/public/js/components/MapWindow/index.js
FNF:0
FNH:0
DA:1,1
DA:2,1
DA:8,2
DA:9,2
LF:4
LH:4
BRF:0
BRH:0
end_of_record
TN:
SF:c:/dev/atm-branch-finder/public/js/components/PCAView/index.js
FNF:0
FNH:0
DA:1,1
DA:7,1
LF:2
LH:2
BRF:0
BRH:0
end_of_record
TN:
SF:c:/dev/atm-branch-finder/public/js/components/PCAWindow/index.js
FN:17,ListPCA
FN:18,(anonymous_11)
FNF:2
FNH:2
FNDA:2,ListPCA
FNDA:2,(anonymous_11)
DA:1,1
DA:2,1
DA:3,1
DA:10,3
DA:18,2
DA:19,2
DA:22,2
LF:7
LH:7
BRDA:12,0,0,2
BRDA:12,0,1,1
BRF:2
BRH:2
end_of_record
TN:
SF:c:/dev/atm-branch-finder/public/js/containers/BankContainer/index.js
FN:6,(anonymous_7)
FNF:1
FNH:1
FNDA:1,(anonymous_7)
DA:1,1
DA:2,1
DA:3,1
DA:4,1
DA:7,1
DA:15,1
LF:6
LH:6
BRF:0
BRH:0
end_of_record
TN:
SF:c:/dev/atm-branch-finder/public/js/containers/BranchContainer/index.js
FNF:0
FNH:0
DA:1,1
DA:2,1
DA:3,1
DA:9,1
LF:4
LH:4
BRF:0
BRH:0
end_of_record
TN:
SF:c:/dev/atm-branch-finder/public/js/containers/InfoContainer/index.js
FN:5,(anonymous_7)
FNF:1
FNH:1
FNDA:1,(anonymous_7)
DA:1,1
DA:2,1
DA:3,1
DA:6,1
DA:16,1
LF:5
LH:5
BRF:0
BRH:0
end_of_record
TN:
SF:c:/dev/atm-branch-finder/public/js/containers/MainContainer/index.js
FN:7,(anonymous_7)
FNF:1
FNH:1
FNDA:5,(anonymous_7)
DA:1,1
DA:2,1
DA:3,1
DA:4,1
DA:5,1
DA:8,5
DA:15,5
LF:7
LH:7
BRDA:26,0,0,5
BRDA:26,0,1,1
BRF:2
BRH:2
end_of_record
TN:
SF:c:/dev/atm-branch-finder/public/js/containers/MapContainer/index.js
FN:6,(anonymous_7)
FNF:1
FNH:1
FNDA:1,(anonymous_7)
DA:1,1
DA:2,1
DA:3,1
DA:7,1
DA:15,1
LF:5
LH:5
BRF:0
BRH:0
end_of_record
TN:
SF:c:/dev/atm-branch-finder/public/js/containers/PCAContainer/index.js
FN:5,(anonymous_7)
FNF:1
FNH:1
FNDA:1,(anonymous_7)
DA:1,1
DA:2,1
DA:3,1
DA:6,1
DA:14,1
LF:5
LH:5
BRF:0
BRH:0
end_of_record
TN:
SF:c:/dev/atm-branch-finder/public/js/staticdata/bankData.js
FNF:0
FNH:0
DA:1,1
LF:1
LH:1
BRF:0
BRH:0
end_of_record
